<?xml version="1.0" encoding="UTF-8"?>
<testsuite xmlns:xsi="http://www.w3.org/2001/XMLSchema-instance" xsi:noNamespaceSchemaLocation="https://maven.apache.org/surefire/maven-failsafe-plugin/xsd/failsafe-test-report.xsd" version="3.0.2" name="io.oigres.ecomm.bff.admin.usecases.categories.list.ListCategoriesUseCaseTest" time="10.749" tests="2" errors="0" skipped="0" failures="0">
  <properties>
[...]
</properties>
  <testcase name="testGetAllCategories_circuit_braker" classname="io.oigres.ecomm.bff.admin.usecases.categories.list.ListCategoriesUseCaseTest" time="2.72">
    <system-out><![CDATA[17:45:30.963 [main] INFO org.springframework.test.context.support.AnnotationConfigContextLoaderUtils -- Could not detect default configuration classes for test class [io.oigres.ecomm.bff.admin.usecases.categories.list.ListCategoriesUseCaseTest]: ListCategoriesUseCaseTest does not declare any static, non-private, non-final, nested classes annotated with @Configuration.
17:45:31.016 [main] INFO org.springframework.boot.test.context.SpringBootTestContextBootstrapper -- Found @SpringBootConfiguration io.oigres.ecomm.bff.admin.Bootstrap for test class io.oigres.ecomm.bff.admin.usecases.categories.list.ListCategoriesUseCaseTest

  .   ____          _            __ _ _
 /\\ / ___'_ __ _ _(_)_ __  __ _ \ \ \ \
( ( )\___ | '_ | '_| | '_ \/ _` | \ \ \ \
 \\/  ___)| |_)| | | | | || (_| |  ) ) ) )
  '  |____| .__|_| |_|_| |_\__, | / / / /
 =========|_|==============|___/=/_/_/_/

 :: Spring Boot ::                (v3.3.2)

2024-09-18 17:45:31.590 INFO  [admin-bff] [           main] [                                -                ] ategories.list.ListCategoriesUseCaseTest:50   : Starting ListCategoriesUseCaseTest using Java 21.0.3 with PID 87453 (started by sergio in /home/sergio/dev/projects/e-commerce/admin-bff) 
2024-09-18 17:45:31.591 INFO  [admin-bff] [           main] [                                -                ] ategories.list.ListCategoriesUseCaseTest:654  : No active profile set, falling back to 1 default profile: "default" 
2024-09-18 17:45:32.281 INFO  [admin-bff] [           main] [                                -                ] y.config.RepositoryConfigurationDelegate:295  : Multiple Spring Data modules found, entering strict repository configuration mode 
2024-09-18 17:45:32.283 INFO  [admin-bff] [           main] [                                -                ] y.config.RepositoryConfigurationDelegate:143  : Bootstrapping Spring Data Redis repositories in DEFAULT mode. 
2024-09-18 17:45:32.301 INFO  [admin-bff] [           main] [                                -                ] y.config.RepositoryConfigurationDelegate:211  : Finished Spring Data repository scanning in 11 ms. Found 0 Redis repository interfaces. 
2024-09-18 17:45:32.450 INFO  [admin-bff] [           main] [                                -                ] amework.cloud.context.scope.GenericScope:282  : BeanFactory id=492e2b8e-62ee-357a-b71f-854529ca715b 
2024-09-18 17:45:32.937 INFO  [admin-bff] [           main] [                                -                ] boot.web.embedded.tomcat.TomcatWebServer:111  : Tomcat initialized with port 0 (http) 
2024-09-18 17:45:32.945 INFO  [admin-bff] [           main] [                                -                ] org.apache.catalina.core.StandardService:173  : Starting service [Tomcat] 
2024-09-18 17:45:32.945 INFO  [admin-bff] [           main] [                                -                ]  org.apache.catalina.core.StandardEngine:173  : Starting Servlet engine: [Apache Tomcat/10.1.26] 
2024-09-18 17:45:32.982 INFO  [admin-bff] [           main] [                                -                ] e.ContainerBase.[Tomcat].[localhost].[/]:173  : Initializing Spring embedded WebApplicationContext 
2024-09-18 17:45:32.983 INFO  [admin-bff] [           main] [                                -                ] ntext.ServletWebServerApplicationContext:296  : Root WebApplicationContext: initialization completed in 1270 ms 
2024-09-18 17:45:34.678 INFO  [admin-bff] [           main] [                                -                ] boot.web.embedded.tomcat.TomcatWebServer:243  : Tomcat started on port 38119 (http) with context path '/' 
2024-09-18 17:45:34.754 INFO  [admin-bff] [           main] [                                -                ] boot.web.embedded.tomcat.TomcatWebServer:111  : Tomcat initialized with port 0 (http) 
2024-09-18 17:45:34.755 INFO  [admin-bff] [           main] [                                -                ] org.apache.catalina.core.StandardService:173  : Starting service [Tomcat] 
2024-09-18 17:45:34.755 INFO  [admin-bff] [           main] [                                -                ]  org.apache.catalina.core.StandardEngine:173  : Starting Servlet engine: [Apache Tomcat/10.1.26] 
2024-09-18 17:45:34.766 INFO  [admin-bff] [           main] [                                -                ] ContainerBase.[Tomcat-1].[localhost].[/]:173  : Initializing Spring embedded WebApplicationContext 
2024-09-18 17:45:34.766 INFO  [admin-bff] [           main] [                                -                ] ntext.ServletWebServerApplicationContext:296  : Root WebApplicationContext: initialization completed in 51 ms 
2024-09-18 17:45:34.775 INFO  [admin-bff] [           main] [                                -                ] tuate.endpoint.web.EndpointLinksResolver:60   : Exposing 6 endpoints beneath base path '/actuator' 
2024-09-18 17:45:34.798 INFO  [admin-bff] [           main] [                                -                ] boot.web.embedded.tomcat.TomcatWebServer:243  : Tomcat started on port 34521 (http) with context path '/' 
2024-09-18 17:45:34.845 INFO  [admin-bff] [           main] [                                -                ] ategories.list.ListCategoriesUseCaseTest:56   : Started ListCategoriesUseCaseTest in 3.47 seconds (process running for 4.252) 
2024-09-18 17:45:34.889 INFO  [admin-bff] [           main] [                                -                ] admin.config.ApplicationReadyInitializer:28   :  
2024-09-18 17:45:34.889 INFO  [admin-bff] [           main] [                                -                ] admin.config.ApplicationReadyInitializer:29   : ******************************************************************** 
2024-09-18 17:45:34.889 INFO  [admin-bff] [           main] [                                -                ] admin.config.ApplicationReadyInitializer:30   :  ADMIN BFF STARTED 
2024-09-18 17:45:34.889 INFO  [admin-bff] [           main] [                                -                ] admin.config.ApplicationReadyInitializer:31   : ******************************************************************** 
2024-09-18 17:45:34.889 INFO  [admin-bff] [           main] [                                -                ] admin.config.ApplicationReadyInitializer:32   : Default Charset: UTF-8 
2024-09-18 17:45:34.890 INFO  [admin-bff] [           main] [                                -                ] admin.config.ApplicationReadyInitializer:33   : File Encoding:   UTF-8 
2024-09-18 17:45:34.890 INFO  [admin-bff] [           main] [                                -                ] admin.config.ApplicationReadyInitializer:34   : Server time:     2024-09-18T17:45:34.890484818-03:00[America/Argentina/Buenos_Aires] 
2024-09-18 17:45:34.890 INFO  [admin-bff] [           main] [                                -                ] admin.config.ApplicationReadyInitializer:36   : ----------------------- JVM memory ---------------------- 
2024-09-18 17:45:34.892 INFO  [admin-bff] [           main] [                                -                ] admin.config.ApplicationReadyInitializer:37   : Max Heap size: 7 GB 
2024-09-18 17:45:34.893 INFO  [admin-bff] [           main] [                                -                ] admin.config.ApplicationReadyInitializer:38   : Initial Heap size: 500 MB 
2024-09-18 17:45:34.893 INFO  [admin-bff] [           main] [                                -                ] admin.config.ApplicationReadyInitializer:39   : Heap usage: 128 MB 
2024-09-18 17:45:34.893 INFO  [admin-bff] [           main] [                                -                ] admin.config.ApplicationReadyInitializer:40   : URL: http://localhost:4318/v1/traces 
2024-09-18 17:45:34.893 INFO  [admin-bff] [           main] [                                -                ] admin.config.ApplicationReadyInitializer:41   : ------------------------ Users service ---------------------- 
2024-09-18 17:45:34.893 INFO  [admin-bff] [           main] [                                -                ] admin.config.ApplicationReadyInitializer:42   : URL: http://localhost:20001 
2024-09-18 17:45:34.893 INFO  [admin-bff] [           main] [                                -                ] admin.config.ApplicationReadyInitializer:43   : ----------------------- Products service ---------------------- 
2024-09-18 17:45:34.893 INFO  [admin-bff] [           main] [                                -                ] admin.config.ApplicationReadyInitializer:44   : URL: http://localhost:20002 
2024-09-18 17:45:34.893 INFO  [admin-bff] [           main] [                                -                ] admin.config.ApplicationReadyInitializer:45   : ******************************************************************** 
2024-09-18 17:45:34.894 INFO  [admin-bff] [           main] [                                -                ] admin.config.ApplicationReadyInitializer:46   :  
2024-09-18 17:45:35.536 INFO  [admin-bff] [           main] [                                -                ] org.apache.catalina.core.StandardService:173  : Stopping service [Tomcat] 
]]></system-out>
    <system-err><![CDATA[WARNING: A Java agent has been loaded dynamically (/home/sergio/.m2/repository/net/bytebuddy/byte-buddy-agent/1.14.18/byte-buddy-agent-1.14.18.jar)
WARNING: If a serviceability tool is in use, please run with -XX:+EnableDynamicAgentLoading to hide this warning
WARNING: If a serviceability tool is not in use, please run with -Djdk.instrument.traceUsage for more information
WARNING: Dynamic loading of agents will be disallowed by default in a future release
]]></system-err>
  </testcase>
  <testcase name="test_get_all_categories_empty_response" classname="io.oigres.ecomm.bff.admin.usecases.categories.list.ListCategoriesUseCaseTest" time="2.117">
    <system-out><![CDATA[
  .   ____          _            __ _ _
 /\\ / ___'_ __ _ _(_)_ __  __ _ \ \ \ \
( ( )\___ | '_ | '_| | '_ \/ _` | \ \ \ \
 \\/  ___)| |_)| | | | | || (_| |  ) ) ) )
  '  |____| .__|_| |_|_| |_\__, | / / / /
 =========|_|==============|___/=/_/_/_/

 :: Spring Boot ::                (v3.3.2)

2024-09-18 17:45:37.687 INFO  [admin-bff] [           main] [                                -                ] ategories.list.ListCategoriesUseCaseTest:50   : Starting ListCategoriesUseCaseTest using Java 21.0.3 with PID 87453 (started by sergio in /home/sergio/dev/projects/e-commerce/admin-bff) 
2024-09-18 17:45:37.687 INFO  [admin-bff] [           main] [                                -                ] ategories.list.ListCategoriesUseCaseTest:654  : No active profile set, falling back to 1 default profile: "default" 
2024-09-18 17:45:37.830 INFO  [admin-bff] [           main] [                                -                ] y.config.RepositoryConfigurationDelegate:295  : Multiple Spring Data modules found, entering strict repository configuration mode 
2024-09-18 17:45:37.830 INFO  [admin-bff] [           main] [                                -                ] y.config.RepositoryConfigurationDelegate:143  : Bootstrapping Spring Data Redis repositories in DEFAULT mode. 
2024-09-18 17:45:37.834 INFO  [admin-bff] [           main] [                                -                ] y.config.RepositoryConfigurationDelegate:211  : Finished Spring Data repository scanning in 3 ms. Found 0 Redis repository interfaces. 
2024-09-18 17:45:37.848 INFO  [admin-bff] [           main] [                                -                ] amework.cloud.context.scope.GenericScope:282  : BeanFactory id=492e2b8e-62ee-357a-b71f-854529ca715b 
2024-09-18 17:45:37.923 INFO  [admin-bff] [           main] [                                -                ] boot.web.embedded.tomcat.TomcatWebServer:111  : Tomcat initialized with port 0 (http) 
2024-09-18 17:45:37.924 INFO  [admin-bff] [           main] [                                -                ] org.apache.catalina.core.StandardService:173  : Starting service [Tomcat] 
2024-09-18 17:45:37.924 INFO  [admin-bff] [           main] [                                -                ]  org.apache.catalina.core.StandardEngine:173  : Starting Servlet engine: [Apache Tomcat/10.1.26] 
2024-09-18 17:45:37.934 INFO  [admin-bff] [           main] [                                -                ] e.ContainerBase.[Tomcat].[localhost].[/]:173  : Initializing Spring embedded WebApplicationContext 
2024-09-18 17:45:37.934 INFO  [admin-bff] [           main] [                                -                ] ntext.ServletWebServerApplicationContext:296  : Root WebApplicationContext: initialization completed in 245 ms 
2024-09-18 17:45:38.461 INFO  [admin-bff] [           main] [                                -                ] boot.web.embedded.tomcat.TomcatWebServer:243  : Tomcat started on port 40987 (http) with context path '/' 
2024-09-18 17:45:38.511 INFO  [admin-bff] [           main] [                                -                ] boot.web.embedded.tomcat.TomcatWebServer:111  : Tomcat initialized with port 0 (http) 
2024-09-18 17:45:38.511 INFO  [admin-bff] [           main] [                                -                ] org.apache.catalina.core.StandardService:173  : Starting service [Tomcat] 
2024-09-18 17:45:38.512 INFO  [admin-bff] [           main] [                                -                ]  org.apache.catalina.core.StandardEngine:173  : Starting Servlet engine: [Apache Tomcat/10.1.26] 
2024-09-18 17:45:38.521 INFO  [admin-bff] [           main] [                                -                ] ContainerBase.[Tomcat-1].[localhost].[/]:173  : Initializing Spring embedded WebApplicationContext 
2024-09-18 17:45:38.521 INFO  [admin-bff] [           main] [                                -                ] ntext.ServletWebServerApplicationContext:296  : Root WebApplicationContext: initialization completed in 23 ms 
2024-09-18 17:45:38.525 INFO  [admin-bff] [           main] [                                -                ] tuate.endpoint.web.EndpointLinksResolver:60   : Exposing 6 endpoints beneath base path '/actuator' 
2024-09-18 17:45:38.538 INFO  [admin-bff] [           main] [                                -                ] boot.web.embedded.tomcat.TomcatWebServer:243  : Tomcat started on port 39547 (http) with context path '/' 
2024-09-18 17:45:38.588 INFO  [admin-bff] [           main] [                                -                ] ategories.list.ListCategoriesUseCaseTest:56   : Started ListCategoriesUseCaseTest in 0.971 seconds (process running for 7.995) 
2024-09-18 17:45:38.589 INFO  [admin-bff] [           main] [                                -                ] admin.config.ApplicationReadyInitializer:28   :  
2024-09-18 17:45:38.589 INFO  [admin-bff] [           main] [                                -                ] admin.config.ApplicationReadyInitializer:29   : ******************************************************************** 
2024-09-18 17:45:38.589 INFO  [admin-bff] [           main] [                                -                ] admin.config.ApplicationReadyInitializer:30   :  ADMIN BFF STARTED 
2024-09-18 17:45:38.590 INFO  [admin-bff] [           main] [                                -                ] admin.config.ApplicationReadyInitializer:31   : ******************************************************************** 
2024-09-18 17:45:38.590 INFO  [admin-bff] [           main] [                                -                ] admin.config.ApplicationReadyInitializer:32   : Default Charset: UTF-8 
2024-09-18 17:45:38.590 INFO  [admin-bff] [           main] [                                -                ] admin.config.ApplicationReadyInitializer:33   : File Encoding:   UTF-8 
2024-09-18 17:45:38.590 INFO  [admin-bff] [           main] [                                -                ] admin.config.ApplicationReadyInitializer:34   : Server time:     2024-09-18T17:45:38.590448574-03:00[America/Argentina/Buenos_Aires] 
2024-09-18 17:45:38.590 INFO  [admin-bff] [           main] [                                -                ] admin.config.ApplicationReadyInitializer:36   : ----------------------- JVM memory ---------------------- 
2024-09-18 17:45:38.590 INFO  [admin-bff] [           main] [                                -                ] admin.config.ApplicationReadyInitializer:37   : Max Heap size: 7 GB 
2024-09-18 17:45:38.591 INFO  [admin-bff] [           main] [                                -                ] admin.config.ApplicationReadyInitializer:38   : Initial Heap size: 500 MB 
2024-09-18 17:45:38.591 INFO  [admin-bff] [           main] [                                -                ] admin.config.ApplicationReadyInitializer:39   : Heap usage: 134 MB 
2024-09-18 17:45:38.591 INFO  [admin-bff] [           main] [                                -                ] admin.config.ApplicationReadyInitializer:40   : URL: http://localhost:4318/v1/traces 
2024-09-18 17:45:38.591 INFO  [admin-bff] [           main] [                                -                ] admin.config.ApplicationReadyInitializer:41   : ------------------------ Users service ---------------------- 
2024-09-18 17:45:38.591 INFO  [admin-bff] [           main] [                                -                ] admin.config.ApplicationReadyInitializer:42   : URL: http://localhost:20001 
2024-09-18 17:45:38.591 INFO  [admin-bff] [           main] [                                -                ] admin.config.ApplicationReadyInitializer:43   : ----------------------- Products service ---------------------- 
2024-09-18 17:45:38.591 INFO  [admin-bff] [           main] [                                -                ] admin.config.ApplicationReadyInitializer:44   : URL: http://localhost:20002 
2024-09-18 17:45:38.592 INFO  [admin-bff] [           main] [                                -                ] admin.config.ApplicationReadyInitializer:45   : ******************************************************************** 
2024-09-18 17:45:38.592 INFO  [admin-bff] [           main] [                                -                ] admin.config.ApplicationReadyInitializer:46   :  
2024-09-18 17:45:38.664 INFO  [admin-bff] [           main] [                                -                ] org.apache.catalina.core.StandardService:173  : Stopping service [Tomcat] 
]]></system-out>
  </testcase>
</testsuite>