<?xml version="1.0" encoding="UTF-8"?>
<testsuite xmlns:xsi="http://www.w3.org/2001/XMLSchema-instance" xsi:noNamespaceSchemaLocation="https://maven.apache.org/surefire/maven-failsafe-plugin/xsd/failsafe-test-report.xsd" version="3.0.2" name="io.oigres.ecomm.bff.admin.usecases.orders.list.GetOrdersUseCaseTest" time="20.712" tests="4" errors="0" skipped="0" failures="0">
  <properties>
[...]
</properties>
  <testcase name="test_orders_search_with_errors_on_products_service" classname="io.oigres.ecomm.bff.admin.usecases.orders.list.GetOrdersUseCaseTest" time="2.065">
    <system-out><![CDATA[2024-09-18 17:45:41.667 INFO  [admin-bff] [           main] [                                -                ] pport.AnnotationConfigContextLoaderUtils:83   : Could not detect default configuration classes for test class [io.oigres.ecomm.bff.admin.usecases.orders.list.GetOrdersUseCaseTest]: GetOrdersUseCaseTest does not declare any static, non-private, non-final, nested classes annotated with @Configuration. 
2024-09-18 17:45:41.673 INFO  [admin-bff] [           main] [                                -                ] ontext.SpringBootTestContextBootstrapper:234  : Found @SpringBootConfiguration io.oigres.ecomm.bff.admin.Bootstrap for test class io.oigres.ecomm.bff.admin.usecases.orders.list.GetOrdersUseCaseTest 
2024-09-18 17:45:41.719 WARN  [admin-bff] [ux-http-epoll-3] [                                -                ] pc.AsyncDispensariesServiceProxyEnhanced:32   : Executing fallback method for getDispensaryByIdAsync(34) 
2024-09-18 17:45:41.723 INFO  [admin-bff] [           main] [                                -                ] org.apache.catalina.core.StandardService:173  : Stopping service [Tomcat] 
]]></system-out>
  </testcase>
  <testcase name="test_orders_search_with_timeout_plus_retries" classname="io.oigres.ecomm.bff.admin.usecases.orders.list.GetOrdersUseCaseTest" time="2.308">
    <system-out><![CDATA[
  .   ____          _            __ _ _
 /\\ / ___'_ __ _ _(_)_ __  __ _ \ \ \ \
( ( )\___ | '_ | '_| | '_ \/ _` | \ \ \ \
 \\/  ___)| |_)| | | | | || (_| |  ) ) ) )
  '  |____| .__|_| |_|_| |_\__, | / / / /
 =========|_|==============|___/=/_/_/_/

 :: Spring Boot ::                (v3.3.2)

2024-09-18 17:45:43.794 INFO  [admin-bff] [           main] [                                -                ] secases.orders.list.GetOrdersUseCaseTest:50   : Starting GetOrdersUseCaseTest using Java 21.0.3 with PID 87453 (started by sergio in /home/sergio/dev/projects/e-commerce/admin-bff) 
2024-09-18 17:45:43.794 INFO  [admin-bff] [           main] [                                -                ] secases.orders.list.GetOrdersUseCaseTest:654  : No active profile set, falling back to 1 default profile: "default" 
2024-09-18 17:45:43.894 INFO  [admin-bff] [           main] [                                -                ] y.config.RepositoryConfigurationDelegate:295  : Multiple Spring Data modules found, entering strict repository configuration mode 
2024-09-18 17:45:43.894 INFO  [admin-bff] [           main] [                                -                ] y.config.RepositoryConfigurationDelegate:143  : Bootstrapping Spring Data Redis repositories in DEFAULT mode. 
2024-09-18 17:45:43.897 INFO  [admin-bff] [           main] [                                -                ] y.config.RepositoryConfigurationDelegate:211  : Finished Spring Data repository scanning in 2 ms. Found 0 Redis repository interfaces. 
2024-09-18 17:45:43.909 INFO  [admin-bff] [           main] [                                -                ] amework.cloud.context.scope.GenericScope:282  : BeanFactory id=492e2b8e-62ee-357a-b71f-854529ca715b 
2024-09-18 17:45:43.970 INFO  [admin-bff] [           main] [                                -                ] boot.web.embedded.tomcat.TomcatWebServer:111  : Tomcat initialized with port 0 (http) 
2024-09-18 17:45:43.971 INFO  [admin-bff] [           main] [                                -                ] org.apache.catalina.core.StandardService:173  : Starting service [Tomcat] 
2024-09-18 17:45:43.971 INFO  [admin-bff] [           main] [                                -                ]  org.apache.catalina.core.StandardEngine:173  : Starting Servlet engine: [Apache Tomcat/10.1.26] 
2024-09-18 17:45:43.980 INFO  [admin-bff] [           main] [                                -                ] e.ContainerBase.[Tomcat].[localhost].[/]:173  : Initializing Spring embedded WebApplicationContext 
2024-09-18 17:45:43.980 INFO  [admin-bff] [           main] [                                -                ] ntext.ServletWebServerApplicationContext:296  : Root WebApplicationContext: initialization completed in 185 ms 
2024-09-18 17:45:44.488 INFO  [admin-bff] [           main] [                                -                ] boot.web.embedded.tomcat.TomcatWebServer:243  : Tomcat started on port 40929 (http) with context path '/' 
2024-09-18 17:45:44.555 INFO  [admin-bff] [           main] [                                -                ] boot.web.embedded.tomcat.TomcatWebServer:111  : Tomcat initialized with port 0 (http) 
2024-09-18 17:45:44.556 INFO  [admin-bff] [           main] [                                -                ] org.apache.catalina.core.StandardService:173  : Starting service [Tomcat] 
2024-09-18 17:45:44.556 INFO  [admin-bff] [           main] [                                -                ]  org.apache.catalina.core.StandardEngine:173  : Starting Servlet engine: [Apache Tomcat/10.1.26] 
2024-09-18 17:45:44.565 INFO  [admin-bff] [           main] [                                -                ] ContainerBase.[Tomcat-1].[localhost].[/]:173  : Initializing Spring embedded WebApplicationContext 
2024-09-18 17:45:44.565 INFO  [admin-bff] [           main] [                                -                ] ntext.ServletWebServerApplicationContext:296  : Root WebApplicationContext: initialization completed in 21 ms 
2024-09-18 17:45:44.568 INFO  [admin-bff] [           main] [                                -                ] tuate.endpoint.web.EndpointLinksResolver:60   : Exposing 6 endpoints beneath base path '/actuator' 
2024-09-18 17:45:44.579 INFO  [admin-bff] [           main] [                                -                ] boot.web.embedded.tomcat.TomcatWebServer:243  : Tomcat started on port 41417 (http) with context path '/' 
2024-09-18 17:45:44.644 INFO  [admin-bff] [           main] [                                -                ] secases.orders.list.GetOrdersUseCaseTest:56   : Started GetOrdersUseCaseTest in 0.896 seconds (process running for 14.052) 
2024-09-18 17:45:44.645 INFO  [admin-bff] [           main] [                                -                ] admin.config.ApplicationReadyInitializer:28   :  
2024-09-18 17:45:44.646 INFO  [admin-bff] [           main] [                                -                ] admin.config.ApplicationReadyInitializer:29   : ******************************************************************** 
2024-09-18 17:45:44.646 INFO  [admin-bff] [           main] [                                -                ] admin.config.ApplicationReadyInitializer:30   :  ADMIN BFF STARTED 
2024-09-18 17:45:44.646 INFO  [admin-bff] [           main] [                                -                ] admin.config.ApplicationReadyInitializer:31   : ******************************************************************** 
2024-09-18 17:45:44.646 INFO  [admin-bff] [           main] [                                -                ] admin.config.ApplicationReadyInitializer:32   : Default Charset: UTF-8 
2024-09-18 17:45:44.646 INFO  [admin-bff] [           main] [                                -                ] admin.config.ApplicationReadyInitializer:33   : File Encoding:   UTF-8 
2024-09-18 17:45:44.646 INFO  [admin-bff] [           main] [                                -                ] admin.config.ApplicationReadyInitializer:34   : Server time:     2024-09-18T17:45:44.646445622-03:00[America/Argentina/Buenos_Aires] 
2024-09-18 17:45:44.646 INFO  [admin-bff] [           main] [                                -                ] admin.config.ApplicationReadyInitializer:36   : ----------------------- JVM memory ---------------------- 
2024-09-18 17:45:44.646 INFO  [admin-bff] [           main] [                                -                ] admin.config.ApplicationReadyInitializer:37   : Max Heap size: 7 GB 
2024-09-18 17:45:44.646 INFO  [admin-bff] [           main] [                                -                ] admin.config.ApplicationReadyInitializer:38   : Initial Heap size: 500 MB 
2024-09-18 17:45:44.646 INFO  [admin-bff] [           main] [                                -                ] admin.config.ApplicationReadyInitializer:39   : Heap usage: 170 MB 
2024-09-18 17:45:44.646 INFO  [admin-bff] [           main] [                                -                ] admin.config.ApplicationReadyInitializer:40   : URL: http://localhost:4318/v1/traces 
2024-09-18 17:45:44.646 INFO  [admin-bff] [           main] [                                -                ] admin.config.ApplicationReadyInitializer:41   : ------------------------ Users service ---------------------- 
2024-09-18 17:45:44.647 INFO  [admin-bff] [           main] [                                -                ] admin.config.ApplicationReadyInitializer:42   : URL: http://localhost:20001 
2024-09-18 17:45:44.647 INFO  [admin-bff] [           main] [                                -                ] admin.config.ApplicationReadyInitializer:43   : ----------------------- Products service ---------------------- 
2024-09-18 17:45:44.647 INFO  [admin-bff] [           main] [                                -                ] admin.config.ApplicationReadyInitializer:44   : URL: http://localhost:20002 
2024-09-18 17:45:44.647 INFO  [admin-bff] [           main] [                                -                ] admin.config.ApplicationReadyInitializer:45   : ******************************************************************** 
2024-09-18 17:45:44.647 INFO  [admin-bff] [           main] [                                -                ] admin.config.ApplicationReadyInitializer:46   :  
2024-09-18 17:45:44.915 WARN  [admin-bff] [ool-22-thread-1] [                                -                ] pc.AsyncDispensariesServiceProxyEnhanced:32   : Executing fallback method for getDispensaryByIdAsync(34) 
2024-09-18 17:45:44.922 INFO  [admin-bff] [           main] [                                -                ] org.apache.catalina.core.StandardService:173  : Stopping service [Tomcat] 
2024-09-18 17:45:44.927 WARN  [admin-bff] [ux-http-epoll-3] [                                -                ] ctor.netty.http.client.HttpClientConnect:304  : [4d3b51ab-1, L:/127.0.0.1:57104 ! R:localhost/127.0.0.1:20002] The connection observed an error 
reactor.netty.http.client.PrematureCloseException: Connection prematurely closed BEFORE response
]]></system-out>
  </testcase>
  <testcase name="test" classname="io.oigres.ecomm.bff.admin.usecases.orders.list.GetOrdersUseCaseTest" time="4.142">
    <system-out><![CDATA[
  .   ____          _            __ _ _
 /\\ / ___'_ __ _ _(_)_ __  __ _ \ \ \ \
( ( )\___ | '_ | '_| | '_ \/ _` | \ \ \ \
 \\/  ___)| |_)| | | | | || (_| |  ) ) ) )
  '  |____| .__|_| |_|_| |_\__, | / / / /
 =========|_|==============|___/=/_/_/_/

 :: Spring Boot ::                (v3.3.2)

2024-09-18 17:45:47.040 INFO  [admin-bff] [           main] [                                -                ] secases.orders.list.GetOrdersUseCaseTest:50   : Starting GetOrdersUseCaseTest using Java 21.0.3 with PID 87453 (started by sergio in /home/sergio/dev/projects/e-commerce/admin-bff) 
2024-09-18 17:45:47.040 INFO  [admin-bff] [           main] [                                -                ] secases.orders.list.GetOrdersUseCaseTest:654  : No active profile set, falling back to 1 default profile: "default" 
2024-09-18 17:45:47.144 INFO  [admin-bff] [           main] [                                -                ] y.config.RepositoryConfigurationDelegate:295  : Multiple Spring Data modules found, entering strict repository configuration mode 
2024-09-18 17:45:47.145 INFO  [admin-bff] [           main] [                                -                ] y.config.RepositoryConfigurationDelegate:143  : Bootstrapping Spring Data Redis repositories in DEFAULT mode. 
2024-09-18 17:45:47.147 INFO  [admin-bff] [           main] [                                -                ] y.config.RepositoryConfigurationDelegate:211  : Finished Spring Data repository scanning in 2 ms. Found 0 Redis repository interfaces. 
2024-09-18 17:45:47.161 INFO  [admin-bff] [           main] [                                -                ] amework.cloud.context.scope.GenericScope:282  : BeanFactory id=492e2b8e-62ee-357a-b71f-854529ca715b 
2024-09-18 17:45:47.207 INFO  [admin-bff] [           main] [                                -                ] boot.web.embedded.tomcat.TomcatWebServer:111  : Tomcat initialized with port 0 (http) 
2024-09-18 17:45:47.208 INFO  [admin-bff] [           main] [                                -                ] org.apache.catalina.core.StandardService:173  : Starting service [Tomcat] 
2024-09-18 17:45:47.208 INFO  [admin-bff] [           main] [                                -                ]  org.apache.catalina.core.StandardEngine:173  : Starting Servlet engine: [Apache Tomcat/10.1.26] 
2024-09-18 17:45:47.217 INFO  [admin-bff] [           main] [                                -                ] e.ContainerBase.[Tomcat].[localhost].[/]:173  : Initializing Spring embedded WebApplicationContext 
2024-09-18 17:45:47.217 INFO  [admin-bff] [           main] [                                -                ] ntext.ServletWebServerApplicationContext:296  : Root WebApplicationContext: initialization completed in 175 ms 
2024-09-18 17:45:47.758 INFO  [admin-bff] [           main] [                                -                ] boot.web.embedded.tomcat.TomcatWebServer:243  : Tomcat started on port 38919 (http) with context path '/' 
2024-09-18 17:45:47.816 INFO  [admin-bff] [           main] [                                -                ] boot.web.embedded.tomcat.TomcatWebServer:111  : Tomcat initialized with port 0 (http) 
2024-09-18 17:45:47.817 INFO  [admin-bff] [           main] [                                -                ] org.apache.catalina.core.StandardService:173  : Starting service [Tomcat] 
2024-09-18 17:45:47.817 INFO  [admin-bff] [           main] [                                -                ]  org.apache.catalina.core.StandardEngine:173  : Starting Servlet engine: [Apache Tomcat/10.1.26] 
2024-09-18 17:45:47.826 INFO  [admin-bff] [           main] [                                -                ] ContainerBase.[Tomcat-1].[localhost].[/]:173  : Initializing Spring embedded WebApplicationContext 
2024-09-18 17:45:47.826 INFO  [admin-bff] [           main] [                                -                ] ntext.ServletWebServerApplicationContext:296  : Root WebApplicationContext: initialization completed in 22 ms 
2024-09-18 17:45:47.830 INFO  [admin-bff] [           main] [                                -                ] tuate.endpoint.web.EndpointLinksResolver:60   : Exposing 6 endpoints beneath base path '/actuator' 
2024-09-18 17:45:47.840 INFO  [admin-bff] [           main] [                                -                ] boot.web.embedded.tomcat.TomcatWebServer:243  : Tomcat started on port 44625 (http) with context path '/' 
2024-09-18 17:45:47.880 INFO  [admin-bff] [           main] [                                -                ] secases.orders.list.GetOrdersUseCaseTest:56   : Started GetOrdersUseCaseTest in 0.922 seconds (process running for 17.288) 
2024-09-18 17:45:47.881 INFO  [admin-bff] [           main] [                                -                ] admin.config.ApplicationReadyInitializer:28   :  
2024-09-18 17:45:47.881 INFO  [admin-bff] [           main] [                                -                ] admin.config.ApplicationReadyInitializer:29   : ******************************************************************** 
2024-09-18 17:45:47.881 INFO  [admin-bff] [           main] [                                -                ] admin.config.ApplicationReadyInitializer:30   :  ADMIN BFF STARTED 
2024-09-18 17:45:47.881 INFO  [admin-bff] [           main] [                                -                ] admin.config.ApplicationReadyInitializer:31   : ******************************************************************** 
2024-09-18 17:45:47.881 INFO  [admin-bff] [           main] [                                -                ] admin.config.ApplicationReadyInitializer:32   : Default Charset: UTF-8 
2024-09-18 17:45:47.881 INFO  [admin-bff] [           main] [                                -                ] admin.config.ApplicationReadyInitializer:33   : File Encoding:   UTF-8 
2024-09-18 17:45:47.881 INFO  [admin-bff] [           main] [                                -                ] admin.config.ApplicationReadyInitializer:34   : Server time:     2024-09-18T17:45:47.881657735-03:00[America/Argentina/Buenos_Aires] 
2024-09-18 17:45:47.881 INFO  [admin-bff] [           main] [                                -                ] admin.config.ApplicationReadyInitializer:36   : ----------------------- JVM memory ---------------------- 
2024-09-18 17:45:47.881 INFO  [admin-bff] [           main] [                                -                ] admin.config.ApplicationReadyInitializer:37   : Max Heap size: 7 GB 
2024-09-18 17:45:47.881 INFO  [admin-bff] [           main] [                                -                ] admin.config.ApplicationReadyInitializer:38   : Initial Heap size: 500 MB 
2024-09-18 17:45:47.881 INFO  [admin-bff] [           main] [                                -                ] admin.config.ApplicationReadyInitializer:39   : Heap usage: 166 MB 
2024-09-18 17:45:47.882 INFO  [admin-bff] [           main] [                                -                ] admin.config.ApplicationReadyInitializer:40   : URL: http://localhost:4318/v1/traces 
2024-09-18 17:45:47.882 INFO  [admin-bff] [           main] [                                -                ] admin.config.ApplicationReadyInitializer:41   : ------------------------ Users service ---------------------- 
2024-09-18 17:45:47.882 INFO  [admin-bff] [           main] [                                -                ] admin.config.ApplicationReadyInitializer:42   : URL: http://localhost:20001 
2024-09-18 17:45:47.882 INFO  [admin-bff] [           main] [                                -                ] admin.config.ApplicationReadyInitializer:43   : ----------------------- Products service ---------------------- 
2024-09-18 17:45:47.882 INFO  [admin-bff] [           main] [                                -                ] admin.config.ApplicationReadyInitializer:44   : URL: http://localhost:20002 
2024-09-18 17:45:47.882 INFO  [admin-bff] [           main] [                                -                ] admin.config.ApplicationReadyInitializer:45   : ******************************************************************** 
2024-09-18 17:45:47.882 INFO  [admin-bff] [           main] [                                -                ] admin.config.ApplicationReadyInitializer:46   :  
2024-09-18 17:45:50.001 ERROR [admin-bff] [           main] [                                -                ] secases.orders.list.GetOrdersUseCaseTest:228  : ERROR 
2024-09-18 17:45:50.005 INFO  [admin-bff] [           main] [                                -                ] org.apache.catalina.core.StandardService:173  : Stopping service [Tomcat] 
2024-09-18 17:45:50.008 WARN  [admin-bff] [ux-http-epoll-3] [                                -                ] ctor.netty.http.client.HttpClientConnect:304  : [a0926ee9-1, L:/127.0.0.1:57114 ! R:localhost/127.0.0.1:20002] The connection observed an error 
reactor.netty.http.client.PrematureCloseException: Connection prematurely closed BEFORE response
]]></system-out>
  </testcase>
  <testcase name="test_correct_orders_search" classname="io.oigres.ecomm.bff.admin.usecases.orders.list.GetOrdersUseCaseTest" time="2.041">
    <system-out><![CDATA[
  .   ____          _            __ _ _
 /\\ / ___'_ __ _ _(_)_ __  __ _ \ \ \ \
( ( )\___ | '_ | '_| | '_ \/ _` | \ \ \ \
 \\/  ___)| |_)| | | | | || (_| |  ) ) ) )
  '  |____| .__|_| |_|_| |_\__, | / / / /
 =========|_|==============|___/=/_/_/_/

 :: Spring Boot ::                (v3.3.2)

2024-09-18 17:45:53.040 INFO  [admin-bff] [           main] [                                -                ] secases.orders.list.GetOrdersUseCaseTest:50   : Starting GetOrdersUseCaseTest using Java 21.0.3 with PID 87453 (started by sergio in /home/sergio/dev/projects/e-commerce/admin-bff) 
2024-09-18 17:45:53.040 INFO  [admin-bff] [           main] [                                -                ] secases.orders.list.GetOrdersUseCaseTest:654  : No active profile set, falling back to 1 default profile: "default" 
2024-09-18 17:45:53.123 INFO  [admin-bff] [           main] [                                -                ] y.config.RepositoryConfigurationDelegate:295  : Multiple Spring Data modules found, entering strict repository configuration mode 
2024-09-18 17:45:53.123 INFO  [admin-bff] [           main] [                                -                ] y.config.RepositoryConfigurationDelegate:143  : Bootstrapping Spring Data Redis repositories in DEFAULT mode. 
2024-09-18 17:45:53.126 INFO  [admin-bff] [           main] [                                -                ] y.config.RepositoryConfigurationDelegate:211  : Finished Spring Data repository scanning in 2 ms. Found 0 Redis repository interfaces. 
2024-09-18 17:45:53.134 INFO  [admin-bff] [           main] [                                -                ] amework.cloud.context.scope.GenericScope:282  : BeanFactory id=492e2b8e-62ee-357a-b71f-854529ca715b 
2024-09-18 17:45:53.205 INFO  [admin-bff] [           main] [                                -                ] boot.web.embedded.tomcat.TomcatWebServer:111  : Tomcat initialized with port 0 (http) 
2024-09-18 17:45:53.205 INFO  [admin-bff] [           main] [                                -                ] org.apache.catalina.core.StandardService:173  : Starting service [Tomcat] 
2024-09-18 17:45:53.206 INFO  [admin-bff] [           main] [                                -                ]  org.apache.catalina.core.StandardEngine:173  : Starting Servlet engine: [Apache Tomcat/10.1.26] 
2024-09-18 17:45:53.215 INFO  [admin-bff] [           main] [                                -                ] e.ContainerBase.[Tomcat].[localhost].[/]:173  : Initializing Spring embedded WebApplicationContext 
2024-09-18 17:45:53.216 INFO  [admin-bff] [           main] [                                -                ] ntext.ServletWebServerApplicationContext:296  : Root WebApplicationContext: initialization completed in 175 ms 
2024-09-18 17:45:54.630 INFO  [admin-bff] [           main] [                                -                ] ngframework.cloud.commons.util.InetUtils:170  : Cannot determine local hostname 
2024-09-18 17:45:54.655 INFO  [admin-bff] [           main] [                                -                ] boot.web.embedded.tomcat.TomcatWebServer:243  : Tomcat started on port 34727 (http) with context path '/' 
2024-09-18 17:45:55.656 INFO  [admin-bff] [           main] [                                -                ] ngframework.cloud.commons.util.InetUtils:170  : Cannot determine local hostname 
2024-09-18 17:45:55.668 INFO  [admin-bff] [           main] [                                -                ] boot.web.embedded.tomcat.TomcatWebServer:111  : Tomcat initialized with port 0 (http) 
2024-09-18 17:45:55.668 INFO  [admin-bff] [           main] [                                -                ] org.apache.catalina.core.StandardService:173  : Starting service [Tomcat] 
2024-09-18 17:45:55.668 INFO  [admin-bff] [           main] [                                -                ]  org.apache.catalina.core.StandardEngine:173  : Starting Servlet engine: [Apache Tomcat/10.1.26] 
2024-09-18 17:45:55.677 INFO  [admin-bff] [           main] [                                -                ] ContainerBase.[Tomcat-1].[localhost].[/]:173  : Initializing Spring embedded WebApplicationContext 
2024-09-18 17:45:55.677 INFO  [admin-bff] [           main] [                                -                ] ntext.ServletWebServerApplicationContext:296  : Root WebApplicationContext: initialization completed in 20 ms 
2024-09-18 17:45:55.680 INFO  [admin-bff] [           main] [                                -                ] tuate.endpoint.web.EndpointLinksResolver:60   : Exposing 6 endpoints beneath base path '/actuator' 
2024-09-18 17:45:55.691 INFO  [admin-bff] [           main] [                                -                ] boot.web.embedded.tomcat.TomcatWebServer:243  : Tomcat started on port 34547 (http) with context path '/' 
2024-09-18 17:45:56.691 INFO  [admin-bff] [           main] [                                -                ] ngframework.cloud.commons.util.InetUtils:170  : Cannot determine local hostname 
2024-09-18 17:45:56.694 INFO  [admin-bff] [           main] [                                -                ] secases.orders.list.GetOrdersUseCaseTest:56   : Started GetOrdersUseCaseTest in 4.667 seconds (process running for 26.102) 
2024-09-18 17:45:56.695 INFO  [admin-bff] [           main] [                                -                ] admin.config.ApplicationReadyInitializer:28   :  
2024-09-18 17:45:56.695 INFO  [admin-bff] [           main] [                                -                ] admin.config.ApplicationReadyInitializer:29   : ******************************************************************** 
2024-09-18 17:45:56.695 INFO  [admin-bff] [           main] [                                -                ] admin.config.ApplicationReadyInitializer:30   :  ADMIN BFF STARTED 
2024-09-18 17:45:56.695 INFO  [admin-bff] [           main] [                                -                ] admin.config.ApplicationReadyInitializer:31   : ******************************************************************** 
2024-09-18 17:45:56.695 INFO  [admin-bff] [           main] [                                -                ] admin.config.ApplicationReadyInitializer:32   : Default Charset: UTF-8 
2024-09-18 17:45:56.695 INFO  [admin-bff] [           main] [                                -                ] admin.config.ApplicationReadyInitializer:33   : File Encoding:   UTF-8 
2024-09-18 17:45:56.695 INFO  [admin-bff] [           main] [                                -                ] admin.config.ApplicationReadyInitializer:34   : Server time:     2024-09-18T17:45:56.695751231-03:00[America/Argentina/Buenos_Aires] 
2024-09-18 17:45:56.695 INFO  [admin-bff] [           main] [                                -                ] admin.config.ApplicationReadyInitializer:36   : ----------------------- JVM memory ---------------------- 
2024-09-18 17:45:56.695 INFO  [admin-bff] [           main] [                                -                ] admin.config.ApplicationReadyInitializer:37   : Max Heap size: 7 GB 
2024-09-18 17:45:56.695 INFO  [admin-bff] [           main] [                                -                ] admin.config.ApplicationReadyInitializer:38   : Initial Heap size: 500 MB 
2024-09-18 17:45:56.696 INFO  [admin-bff] [           main] [                                -                ] admin.config.ApplicationReadyInitializer:39   : Heap usage: 210 MB 
2024-09-18 17:45:56.696 INFO  [admin-bff] [           main] [                                -                ] admin.config.ApplicationReadyInitializer:40   : URL: http://localhost:4318/v1/traces 
2024-09-18 17:45:56.696 INFO  [admin-bff] [           main] [                                -                ] admin.config.ApplicationReadyInitializer:41   : ------------------------ Users service ---------------------- 
2024-09-18 17:45:56.696 INFO  [admin-bff] [           main] [                                -                ] admin.config.ApplicationReadyInitializer:42   : URL: http://localhost:20001 
2024-09-18 17:45:56.696 INFO  [admin-bff] [           main] [                                -                ] admin.config.ApplicationReadyInitializer:43   : ----------------------- Products service ---------------------- 
2024-09-18 17:45:56.696 INFO  [admin-bff] [           main] [                                -                ] admin.config.ApplicationReadyInitializer:44   : URL: http://localhost:20002 
2024-09-18 17:45:56.696 INFO  [admin-bff] [           main] [                                -                ] admin.config.ApplicationReadyInitializer:45   : ******************************************************************** 
2024-09-18 17:45:56.696 INFO  [admin-bff] [           main] [                                -                ] admin.config.ApplicationReadyInitializer:46   :  
2024-09-18 17:45:56.727 INFO  [admin-bff] [           main] [                                -                ] org.apache.catalina.core.StandardService:173  : Stopping service [Tomcat] 
2024-09-18 17:45:58.235 ERROR [admin-bff] [alhost:4318/...] [                                -                ] etry.exporter.internal.http.HttpExporter:80   : Failed to export spans. The request could not be executed. Full error message: Failed to connect to localhost/127.0.0.1:4318 
java.net.ConnectException: Failed to connect to localhost/127.0.0.1:4318
	at okhttp3.internal.connection.RealConnection.connectSocket(RealConnection.kt:297) ~[okhttp-4.12.0.jar:na]
	at okhttp3.internal.connection.RealConnection.connect(RealConnection.kt:207) ~[okhttp-4.12.0.jar:na]
	at okhttp3.internal.connection.ExchangeFinder.findConnection(ExchangeFinder.kt:226) ~[okhttp-4.12.0.jar:na]
	at okhttp3.internal.connection.ExchangeFinder.findHealthyConnection(ExchangeFinder.kt:106) ~[okhttp-4.12.0.jar:na]
	at okhttp3.internal.connection.ExchangeFinder.find(ExchangeFinder.kt:74) ~[okhttp-4.12.0.jar:na]
	at okhttp3.internal.connection.RealCall.initExchange$okhttp(RealCall.kt:255) ~[okhttp-4.12.0.jar:na]
	at okhttp3.internal.connection.ConnectInterceptor.intercept(ConnectInterceptor.kt:32) ~[okhttp-4.12.0.jar:na]
	at okhttp3.internal.http.RealInterceptorChain.proceed(RealInterceptorChain.kt:109) ~[okhttp-4.12.0.jar:na]
	at okhttp3.internal.cache.CacheInterceptor.intercept(CacheInterceptor.kt:95) ~[okhttp-4.12.0.jar:na]
	at okhttp3.internal.http.RealInterceptorChain.proceed(RealInterceptorChain.kt:109) ~[okhttp-4.12.0.jar:na]
	at okhttp3.internal.http.BridgeInterceptor.intercept(BridgeInterceptor.kt:83) ~[okhttp-4.12.0.jar:na]
	at okhttp3.internal.http.RealInterceptorChain.proceed(RealInterceptorChain.kt:109) ~[okhttp-4.12.0.jar:na]
	at okhttp3.internal.http.RetryAndFollowUpInterceptor.intercept(RetryAndFollowUpInterceptor.kt:76) ~[okhttp-4.12.0.jar:na]
	at okhttp3.internal.http.RealInterceptorChain.proceed(RealInterceptorChain.kt:109) ~[okhttp-4.12.0.jar:na]
	at okhttp3.internal.connection.RealCall.getResponseWithInterceptorChain$okhttp(RealCall.kt:201) ~[okhttp-4.12.0.jar:na]
	at okhttp3.internal.connection.RealCall$AsyncCall.run(RealCall.kt:517) ~[okhttp-4.12.0.jar:na]
	at java.base/java.util.concurrent.ThreadPoolExecutor.runWorker(ThreadPoolExecutor.java:1144) ~[na:na]
	at java.base/java.util.concurrent.ThreadPoolExecutor$Worker.run(ThreadPoolExecutor.java:642) ~[na:na]
	at java.base/java.lang.Thread.run(Thread.java:1583) ~[na:na]
Caused by: java.net.ConnectException: Conexión rehusada
	at java.base/sun.nio.ch.Net.pollConnect(Native Method) ~[na:na]
	at java.base/sun.nio.ch.Net.pollConnectNow(Net.java:682) ~[na:na]
	at java.base/sun.nio.ch.NioSocketImpl.timedFinishConnect(NioSocketImpl.java:542) ~[na:na]
	at java.base/sun.nio.ch.NioSocketImpl.connect(NioSocketImpl.java:592) ~[na:na]
	at java.base/java.net.SocksSocketImpl.connect(SocksSocketImpl.java:327) ~[na:na]
	at java.base/java.net.Socket.connect(Socket.java:751) ~[na:na]
	at okhttp3.internal.platform.Platform.connectSocket(Platform.kt:128) ~[okhttp-4.12.0.jar:na]
	at okhttp3.internal.connection.RealConnection.connectSocket(RealConnection.kt:295) ~[okhttp-4.12.0.jar:na]
	... 18 common frames omitted
]]></system-out>
  </testcase>
</testsuite>