<?xml version="1.0" encoding="UTF-8" standalone="yes"?><!DOCTYPE report PUBLIC "-//JACOCO//DTD Report 1.1//EN" "report.dtd"><report name="Ecomm - Admin backend for frontend"><sessioninfo id="fv-az568-501-86a5e61a" start="1742340454820" dump="1742340493664"/><package name="io/oigres/ecomm/bff/admin/api/model/enums"><class name="io/oigres/ecomm/bff/admin/api/model/enums/UserTypeApi" sourcefilename="UserTypeApi.java"><method name="&lt;clinit&gt;" desc="()V" line="20"><counter type="INSTRUCTION" missed="15" covered="0"/><counter type="LINE" missed="3" covered="0"/><counter type="COMPLEXITY" missed="1" covered="0"/><counter type="METHOD" missed="1" covered="0"/></method><counter type="INSTRUCTION" missed="15" covered="0"/><counter type="LINE" missed="3" covered="0"/><counter type="COMPLEXITY" missed="1" covered="0"/><counter type="METHOD" missed="1" covered="0"/><counter type="CLASS" missed="1" covered="0"/></class><sourcefile name="UserTypeApi.java"><line nr="20" mi="3" ci="0" mb="0" cb="0"/><line nr="21" mi="6" ci="0" mb="0" cb="0"/><line nr="22" mi="6" ci="0" mb="0" cb="0"/><counter type="INSTRUCTION" missed="15" covered="0"/><counter type="LINE" missed="3" covered="0"/><counter type="COMPLEXITY" missed="1" covered="0"/><counter type="METHOD" missed="1" covered="0"/><counter type="CLASS" missed="1" covered="0"/></sourcefile><counter type="INSTRUCTION" missed="15" covered="0"/><counter type="LINE" missed="3" covered="0"/><counter type="COMPLEXITY" missed="1" covered="0"/><counter type="METHOD" missed="1" covered="0"/><counter type="CLASS" missed="1" covered="0"/></package><package name="io/oigres/ecomm/bff/admin/api/model/products/catalog"><class name="io/oigres/ecomm/bff/admin/api/model/products/catalog/BulkProductsOnOffResponse" sourcefilename="BulkProductsOnOffResponse.java"><method name="getActivatedProductIds" desc="()Ljava/util/List;" line="37"><counter type="INSTRUCTION" missed="4" covered="0"/><counter type="LINE" missed="1" covered="0"/><counter type="COMPLEXITY" missed="1" covered="0"/><counter type="METHOD" missed="1" covered="0"/></method><method name="getDeactivatedProductIds" desc="()Ljava/util/List;" line="41"><counter type="INSTRUCTION" missed="4" covered="0"/><counter type="LINE" missed="1" covered="0"/><counter type="COMPLEXITY" missed="1" covered="0"/><counter type="METHOD" missed="1" covered="0"/></method><method name="getErrors" desc="()Ljava/util/List;" line="45"><counter type="INSTRUCTION" missed="4" covered="0"/><counter type="LINE" missed="1" covered="0"/><counter type="COMPLEXITY" missed="1" covered="0"/><counter type="METHOD" missed="1" covered="0"/></method><counter type="INSTRUCTION" missed="12" covered="0"/><counter type="LINE" missed="3" covered="0"/><counter type="COMPLEXITY" missed="3" covered="0"/><counter type="METHOD" missed="3" covered="0"/><counter type="CLASS" missed="1" covered="0"/></class><class name="io/oigres/ecomm/bff/admin/api/model/products/catalog/BulkProductsOnOffResponse$BulkProductsOnOffResponseBuilder" sourcefilename="BulkProductsOnOffResponse.java"/><class name="io/oigres/ecomm/bff/admin/api/model/products/catalog/ProductIdWithPublicationIdListDto" sourcefilename="ProductIdWithPublicationIdListDto.java"><method name="getPublicationIds" desc="()Ljava/util/List;" line="35"><counter type="INSTRUCTION" missed="4" covered="0"/><counter type="LINE" missed="1" covered="0"/><counter type="COMPLEXITY" missed="1" covered="0"/><counter type="METHOD" missed="1" covered="0"/></method><counter type="INSTRUCTION" missed="4" covered="0"/><counter type="LINE" missed="1" covered="0"/><counter type="COMPLEXITY" missed="1" covered="0"/><counter type="METHOD" missed="1" covered="0"/><counter type="CLASS" missed="1" covered="0"/></class><class name="io/oigres/ecomm/bff/admin/api/model/products/catalog/ProductIdWithPublicationIdListDto$ProductIdWithPublicationIdListDtoBuilder" sourcefilename="ProductIdWithPublicationIdListDto.java"/><sourcefile name="ProductIdWithPublicationIdListDto.java"><line nr="35" mi="4" ci="0" mb="0" cb="0"/><counter type="INSTRUCTION" missed="4" covered="0"/><counter type="LINE" missed="1" covered="0"/><counter type="COMPLEXITY" missed="1" covered="0"/><counter type="METHOD" missed="1" covered="0"/><counter type="CLASS" missed="1" covered="0"/></sourcefile><sourcefile name="BulkProductsOnOffResponse.java"><line nr="37" mi="4" ci="0" mb="0" cb="0"/><line nr="41" mi="4" ci="0" mb="0" cb="0"/><line nr="45" mi="4" ci="0" mb="0" cb="0"/><counter type="INSTRUCTION" missed="12" covered="0"/><counter type="LINE" missed="3" covered="0"/><counter type="COMPLEXITY" missed="3" covered="0"/><counter type="METHOD" missed="3" covered="0"/><counter type="CLASS" missed="1" covered="0"/></sourcefile><counter type="INSTRUCTION" missed="16" covered="0"/><counter type="LINE" missed="4" covered="0"/><counter type="COMPLEXITY" missed="4" covered="0"/><counter type="METHOD" missed="4" covered="0"/><counter type="CLASS" missed="2" covered="0"/></package><package name="io/oigres/ecomm/bff/admin/usecases/orders/list"><class name="io/oigres/ecomm/bff/admin/usecases/orders/list/GetOrdersUseCase" sourcefilename="GetOrdersUseCase.java"><method name="listOrders" desc="(Lio/oigres/ecomm/bff/admin/api/model/OrderStatusEnum;II)Lio/oigres/ecomm/bff/admin/api/model/GetOrdersListWithTotalResponse;" line="55"><counter type="INSTRUCTION" missed="7" covered="69"/><counter type="BRANCH" missed="1" covered="1"/><counter type="LINE" missed="2" covered="20"/><counter type="COMPLEXITY" missed="1" covered="1"/><counter type="METHOD" missed="0" covered="1"/></method><method name="getDispensaryName" desc="(Ljava/util/Map;Ljava/lang/Long;)Ljava/lang/String;" line="103"><counter type="INSTRUCTION" missed="6" covered="8"/><counter type="LINE" missed="2" covered="1"/><counter type="COMPLEXITY" missed="0" covered="1"/><counter type="METHOD" missed="0" covered="1"/></method><method name="lambda$listOrders$1" desc="(Ljava/util/Map;Lio/oigres/ecomm/service/orders/model/order/GetAllOrdersResponse;)Lio/oigres/ecomm/bff/admin/api/model/OrderResponse;" line="75"><counter type="INSTRUCTION" missed="0" covered="30"/><counter type="LINE" missed="0" covered="11"/><counter type="COMPLEXITY" missed="0" covered="1"/><counter type="METHOD" missed="0" covered="1"/></method><method name="lambda$listOrders$0" desc="(Ljava/util/Map;Lio/oigres/ecomm/service/orders/model/order/GetAllOrdersResponse;)V" line="67"><counter type="INSTRUCTION" missed="0" covered="11"/><counter type="LINE" missed="0" covered="3"/><counter type="COMPLEXITY" missed="0" covered="1"/><counter type="METHOD" missed="0" covered="1"/></method><method name="&lt;clinit&gt;" desc="()V" line="45"><counter type="INSTRUCTION" missed="0" covered="4"/><counter type="LINE" missed="0" covered="1"/><counter type="COMPLEXITY" missed="0" covered="1"/><counter type="METHOD" missed="0" covered="1"/></method><counter type="INSTRUCTION" missed="13" covered="122"/><counter type="BRANCH" missed="1" covered="1"/><counter type="LINE" missed="4" covered="36"/><counter type="COMPLEXITY" missed="1" covered="5"/><counter type="METHOD" missed="0" covered="5"/><counter type="CLASS" missed="0" covered="1"/></class><sourcefile name="GetOrdersUseCase.java"><line nr="45" mi="0" ci="4" mb="0" cb="0"/><line nr="55" mi="1" ci="7" mb="1" cb="1"/><line nr="56" mi="0" ci="7" mb="0" cb="0"/><line nr="57" mi="0" ci="2" mb="0" cb="0"/><line nr="58" mi="0" ci="1" mb="0" cb="0"/><line nr="60" mi="0" ci="4" mb="0" cb="0"/><line nr="61" mi="0" ci="5" mb="0" cb="0"/><line nr="62" mi="0" ci="2" mb="0" cb="0"/><line nr="63" mi="0" ci="1" mb="0" cb="0"/><line nr="64" mi="0" ci="4" mb="0" cb="0"/><line nr="65" mi="0" ci="1" mb="0" cb="0"/><line nr="67" mi="0" ci="5" mb="0" cb="0"/><line nr="68" mi="0" ci="4" mb="0" cb="0"/><line nr="69" mi="0" ci="2" mb="0" cb="0"/><line nr="71" mi="0" ci="1" mb="0" cb="0"/><line nr="72" mi="0" ci="5" mb="0" cb="0"/><line nr="73" mi="0" ci="1" mb="0" cb="0"/><line nr="75" mi="0" ci="6" mb="0" cb="0"/><line nr="76" mi="0" ci="1" mb="0" cb="0"/><line nr="77" mi="0" ci="3" mb="0" cb="0"/><line nr="78" mi="0" ci="3" mb="0" cb="0"/><line nr="79" mi="0" ci="3" mb="0" cb="0"/><line nr="80" mi="0" ci="2" mb="0" cb="0"/><line nr="81" mi="0" ci="3" mb="0" cb="0"/><line nr="82" mi="0" ci="2" mb="0" cb="0"/><line nr="83" mi="0" ci="4" mb="0" cb="0"/><line nr="84" mi="0" ci="2" mb="0" cb="0"/><line nr="85" mi="0" ci="1" mb="0" cb="0"/><line nr="87" mi="0" ci="2" mb="0" cb="0"/><line nr="88" mi="0" ci="2" mb="0" cb="0"/><line nr="90" mi="0" ci="5" mb="0" cb="0"/><line nr="91" mi="1" ci="0" mb="0" cb="0"/><line nr="92" mi="5" ci="0" mb="0" cb="0"/><line nr="93" mi="0" ci="1" mb="0" cb="0"/><line nr="94" mi="0" ci="4" mb="0" cb="0"/><line nr="96" mi="0" ci="7" mb="0" cb="0"/><line nr="97" mi="0" ci="7" mb="0" cb="0"/><line nr="103" mi="0" ci="8" mb="0" cb="0"/><line nr="104" mi="1" ci="0" mb="0" cb="0"/><line nr="105" mi="5" ci="0" mb="0" cb="0"/><counter type="INSTRUCTION" missed="13" covered="122"/><counter type="BRANCH" missed="1" covered="1"/><counter type="LINE" missed="4" covered="36"/><counter type="COMPLEXITY" missed="1" covered="5"/><counter type="METHOD" missed="0" covered="5"/><counter type="CLASS" missed="0" covered="1"/></sourcefile><counter type="INSTRUCTION" missed="13" covered="122"/><counter type="BRANCH" missed="1" covered="1"/><counter type="LINE" missed="4" covered="36"/><counter type="COMPLEXITY" missed="1" covered="5"/><counter type="METHOD" missed="0" covered="5"/><counter type="CLASS" missed="0" covered="1"/></package><package name="io/oigres/ecomm/bff/admin/api/model/profiles"><class name="io/oigres/ecomm/bff/admin/api/model/profiles/BulkDeleteProfilesRequest" sourcefilename="BulkDeleteProfilesRequest.java"><method name="getUserIds" desc="()Ljava/util/List;" line="36"><counter type="INSTRUCTION" missed="4" covered="0"/><counter type="LINE" missed="1" covered="0"/><counter type="COMPLEXITY" missed="1" covered="0"/><counter type="METHOD" missed="1" covered="0"/></method><counter type="INSTRUCTION" missed="4" covered="0"/><counter type="LINE" missed="1" covered="0"/><counter type="COMPLEXITY" missed="1" covered="0"/><counter type="METHOD" missed="1" covered="0"/><counter type="CLASS" missed="1" covered="0"/></class><class name="io/oigres/ecomm/bff/admin/api/model/profiles/BulkDeleteProfilesRequest$BulkDeleteProfilesRequestBuilder" sourcefilename="BulkDeleteProfilesRequest.java"/><class name="io/oigres/ecomm/bff/admin/api/model/profiles/BulkDeleteProfilesErrorResponse$BulkDeleteProfilesErrorResponseBuilder" sourcefilename="BulkDeleteProfilesErrorResponse.java"/><class name="io/oigres/ecomm/bff/admin/api/model/profiles/BulkDeleteProfilesResponse" sourcefilename="BulkDeleteProfilesResponse.java"><method name="getDeleted" desc="()Ljava/util/List;" line="35"><counter type="INSTRUCTION" missed="4" covered="0"/><counter type="LINE" missed="1" covered="0"/><counter type="COMPLEXITY" missed="1" covered="0"/><counter type="METHOD" missed="1" covered="0"/></method><method name="getErrors" desc="()Ljava/util/List;" line="39"><counter type="INSTRUCTION" missed="4" covered="0"/><counter type="LINE" missed="1" covered="0"/><counter type="COMPLEXITY" missed="1" covered="0"/><counter type="METHOD" missed="1" covered="0"/></method><counter type="INSTRUCTION" missed="8" covered="0"/><counter type="LINE" missed="2" covered="0"/><counter type="COMPLEXITY" missed="2" covered="0"/><counter type="METHOD" missed="2" covered="0"/><counter type="CLASS" missed="1" covered="0"/></class><class name="io/oigres/ecomm/bff/admin/api/model/profiles/BulkDeleteProfilesResponse$BulkDeleteProfilesResponseBuilder" sourcefilename="BulkDeleteProfilesResponse.java"/><class name="io/oigres/ecomm/bff/admin/api/model/profiles/BulkDeleteProfilesErrorResponse" sourcefilename="BulkDeleteProfilesErrorResponse.java"/><sourcefile name="BulkDeleteProfilesResponse.java"><line nr="35" mi="4" ci="0" mb="0" cb="0"/><line nr="39" mi="4" ci="0" mb="0" cb="0"/><counter type="INSTRUCTION" missed="8" covered="0"/><counter type="LINE" missed="2" covered="0"/><counter type="COMPLEXITY" missed="2" covered="0"/><counter type="METHOD" missed="2" covered="0"/><counter type="CLASS" missed="1" covered="0"/></sourcefile><sourcefile name="BulkDeleteProfilesErrorResponse.java"/><sourcefile name="BulkDeleteProfilesRequest.java"><line nr="36" mi="4" ci="0" mb="0" cb="0"/><counter type="INSTRUCTION" missed="4" covered="0"/><counter type="LINE" missed="1" covered="0"/><counter type="COMPLEXITY" missed="1" covered="0"/><counter type="METHOD" missed="1" covered="0"/><counter type="CLASS" missed="1" covered="0"/></sourcefile><counter type="INSTRUCTION" missed="12" covered="0"/><counter type="LINE" missed="3" covered="0"/><counter type="COMPLEXITY" missed="3" covered="0"/><counter type="METHOD" missed="3" covered="0"/><counter type="CLASS" missed="2" covered="0"/></package><package name="io/oigres/ecomm/bff/admin"><class name="io/oigres/ecomm/bff/admin/Bootstrap" sourcefilename="Bootstrap.java"><method name="&lt;init&gt;" desc="()V" line="28"><counter type="INSTRUCTION" missed="0" covered="3"/><counter type="LINE" missed="0" covered="1"/><counter type="COMPLEXITY" missed="0" covered="1"/><counter type="METHOD" missed="0" covered="1"/></method><method name="main" desc="([Ljava/lang/String;)V" line="31"><counter type="INSTRUCTION" missed="5" covered="0"/><counter type="LINE" missed="2" covered="0"/><counter type="COMPLEXITY" missed="1" covered="0"/><counter type="METHOD" missed="1" covered="0"/></method><counter type="INSTRUCTION" missed="5" covered="3"/><counter type="LINE" missed="2" covered="1"/><counter type="COMPLEXITY" missed="1" covered="1"/><counter type="METHOD" missed="1" covered="1"/><counter type="CLASS" missed="0" covered="1"/></class><sourcefile name="Bootstrap.java"><line nr="28" mi="0" ci="3" mb="0" cb="0"/><line nr="31" mi="4" ci="0" mb="0" cb="0"/><line nr="32" mi="1" ci="0" mb="0" cb="0"/><counter type="INSTRUCTION" missed="5" covered="3"/><counter type="LINE" missed="2" covered="1"/><counter type="COMPLEXITY" missed="1" covered="1"/><counter type="METHOD" missed="1" covered="1"/><counter type="CLASS" missed="0" covered="1"/></sourcefile><counter type="INSTRUCTION" missed="5" covered="3"/><counter type="LINE" missed="2" covered="1"/><counter type="COMPLEXITY" missed="1" covered="1"/><counter type="METHOD" missed="1" covered="1"/><counter type="CLASS" missed="0" covered="1"/></package><package name="io/oigres/ecomm/bff/admin/api/model/profiles/users"><class name="io/oigres/ecomm/bff/admin/api/model/profiles/users/UpdateCannaUserApiRequest$UpdateCannaUserApiRequestBuilder" sourcefilename="UpdateCannaUserApiRequest.java"/><class name="io/oigres/ecomm/bff/admin/api/model/profiles/users/CreateCannaUserApiResponse$CreateCannaUserApiResponseBuilder" sourcefilename="CreateCannaUserApiResponse.java"/><class name="io/oigres/ecomm/bff/admin/api/model/profiles/users/ActiveCannaUserRequest" sourcefilename="ActiveCannaUserRequest.java"><method name="getIds" desc="()Ljava/util/List;" line="31"><counter type="INSTRUCTION" missed="4" covered="0"/><counter type="LINE" missed="1" covered="0"/><counter type="COMPLEXITY" missed="1" covered="0"/><counter type="METHOD" missed="1" covered="0"/></method><counter type="INSTRUCTION" missed="4" covered="0"/><counter type="LINE" missed="1" covered="0"/><counter type="COMPLEXITY" missed="1" covered="0"/><counter type="METHOD" missed="1" covered="0"/><counter type="CLASS" missed="1" covered="0"/></class><class name="io/oigres/ecomm/bff/admin/api/model/profiles/users/DeleteCannaUserApiResponse" sourcefilename="DeleteCannaUserApiResponse.java"/><class name="io/oigres/ecomm/bff/admin/api/model/profiles/users/GetCannaUserApiResponse$GetCannaUserApiResponseBuilder" sourcefilename="GetCannaUserApiResponse.java"/><class name="io/oigres/ecomm/bff/admin/api/model/profiles/users/CannaUserResponse" sourcefilename="CannaUserResponse.java"/><class name="io/oigres/ecomm/bff/admin/api/model/profiles/users/UpdateCannaUserApiRequest" sourcefilename="UpdateCannaUserApiRequest.java"/><class name="io/oigres/ecomm/bff/admin/api/model/profiles/users/CannaUserResponse$CannaUserResponseBuilder" sourcefilename="CannaUserResponse.java"/><class name="io/oigres/ecomm/bff/admin/api/model/profiles/users/GetAllCannaUsersApiResponse" sourcefilename="GetAllCannaUsersApiResponse.java"/><class name="io/oigres/ecomm/bff/admin/api/model/profiles/users/DeleteCannaUserApiResponse$DeleteCannaUserApiResponseBuilder" sourcefilename="DeleteCannaUserApiResponse.java"/><class name="io/oigres/ecomm/bff/admin/api/model/profiles/users/ActiveStatusProfileResponseApi" sourcefilename="ActiveStatusProfileResponseApi.java"/><class name="io/oigres/ecomm/bff/admin/api/model/profiles/users/ActiveCannaUserResponse" sourcefilename="ActiveCannaUserResponse.java"><method name="getIds" desc="()Ljava/util/List;" line="31"><counter type="INSTRUCTION" missed="4" covered="0"/><counter type="LINE" missed="1" covered="0"/><counter type="COMPLEXITY" missed="1" covered="0"/><counter type="METHOD" missed="1" covered="0"/></method><counter type="INSTRUCTION" missed="4" covered="0"/><counter type="LINE" missed="1" covered="0"/><counter type="COMPLEXITY" missed="1" covered="0"/><counter type="METHOD" missed="1" covered="0"/><counter type="CLASS" missed="1" covered="0"/></class><class name="io/oigres/ecomm/bff/admin/api/model/profiles/users/CreateCannaUserApiRequest" sourcefilename="CreateCannaUserApiRequest.java"/><class name="io/oigres/ecomm/bff/admin/api/model/profiles/users/ActiveCannaUserResponse$ActiveCannaUserResponseBuilder" sourcefilename="ActiveCannaUserResponse.java"/><class name="io/oigres/ecomm/bff/admin/api/model/profiles/users/ActiveStatusProfileResponseApi$ActiveStatusProfileResponseApiBuilder" sourcefilename="ActiveStatusProfileResponseApi.java"/><class name="io/oigres/ecomm/bff/admin/api/model/profiles/users/CannaUserResponse$CannaUserResponseBuilderImpl" sourcefilename="CannaUserResponse.java"/><class name="io/oigres/ecomm/bff/admin/api/model/profiles/users/GetCannaUserApiResponse" sourcefilename="GetCannaUserApiResponse.java"/><class name="io/oigres/ecomm/bff/admin/api/model/profiles/users/CreateCannaUserApiResponse" sourcefilename="CreateCannaUserApiResponse.java"/><class name="io/oigres/ecomm/bff/admin/api/model/profiles/users/ActiveCannaUserRequest$ActiveCannaUserRequestBuilder" sourcefilename="ActiveCannaUserRequest.java"/><class name="io/oigres/ecomm/bff/admin/api/model/profiles/users/GetAllCannaUsersApiResponse$GetAllCannaUsersApiResponseBuilder" sourcefilename="GetAllCannaUsersApiResponse.java"/><class name="io/oigres/ecomm/bff/admin/api/model/profiles/users/UpdateCannaUserApiResponse" sourcefilename="UpdateCannaUserApiResponse.java"/><class name="io/oigres/ecomm/bff/admin/api/model/profiles/users/CannaUserWithDetailResponse$CannaUserWithDetailResponseBuilder" sourcefilename="CannaUserWithDetailResponse.java"/><class name="io/oigres/ecomm/bff/admin/api/model/profiles/users/CreateCannaUserApiRequest$CreateCannaUserApiRequestBuilder" sourcefilename="CreateCannaUserApiRequest.java"/><class name="io/oigres/ecomm/bff/admin/api/model/profiles/users/UpdateCannaUserApiResponse$UpdateCannaUserApiResponseBuilder" sourcefilename="UpdateCannaUserApiResponse.java"/><class name="io/oigres/ecomm/bff/admin/api/model/profiles/users/CannaUserWithDetailRequest" sourcefilename="CannaUserWithDetailRequest.java"/><class name="io/oigres/ecomm/bff/admin/api/model/profiles/users/CannaUserWithDetailRequest$CannaUserWithDetailRequestBuilder" sourcefilename="CannaUserWithDetailRequest.java"/><class name="io/oigres/ecomm/bff/admin/api/model/profiles/users/CannaUserWithDetailResponse" sourcefilename="CannaUserWithDetailResponse.java"/><sourcefile name="CannaUserWithDetailResponse.java"/><sourcefile name="ActiveCannaUserRequest.java"><line nr="31" mi="4" ci="0" mb="0" cb="0"/><counter type="INSTRUCTION" missed="4" covered="0"/><counter type="LINE" missed="1" covered="0"/><counter type="COMPLEXITY" missed="1" covered="0"/><counter type="METHOD" missed="1" covered="0"/><counter type="CLASS" missed="1" covered="0"/></sourcefile><sourcefile name="CannaUserResponse.java"/><sourcefile name="CreateCannaUserApiRequest.java"/><sourcefile name="UpdateCannaUserApiRequest.java"/><sourcefile name="ActiveStatusProfileResponseApi.java"/><sourcefile name="CreateCannaUserApiResponse.java"/><sourcefile name="DeleteCannaUserApiResponse.java"/><sourcefile name="CannaUserWithDetailRequest.java"/><sourcefile name="GetCannaUserApiResponse.java"/><sourcefile name="GetAllCannaUsersApiResponse.java"/><sourcefile name="UpdateCannaUserApiResponse.java"/><sourcefile name="ActiveCannaUserResponse.java"><line nr="31" mi="4" ci="0" mb="0" cb="0"/><counter type="INSTRUCTION" missed="4" covered="0"/><counter type="LINE" missed="1" covered="0"/><counter type="COMPLEXITY" missed="1" covered="0"/><counter type="METHOD" missed="1" covered="0"/><counter type="CLASS" missed="1" covered="0"/></sourcefile><counter type="INSTRUCTION" missed="8" covered="0"/><counter type="LINE" missed="2" covered="0"/><counter type="COMPLEXITY" missed="2" covered="0"/><counter type="METHOD" missed="2" covered="0"/><counter type="CLASS" missed="2" covered="0"/></package><package name="io/oigres/ecomm/bff/admin/api/model/products"><class name="io/oigres/ecomm/bff/admin/api/model/products/BulkCPErrorResponse$BulkCPErrorResponseBuilder" sourcefilename="BulkCPErrorResponse.java"/><class name="io/oigres/ecomm/bff/admin/api/model/products/ImageUploadLocationApiResponse$ImageUploadLocationApiResponseBuilder" sourcefilename="ImageUploadLocationApiResponse.java"/><class name="io/oigres/ecomm/bff/admin/api/model/products/ImageUploadLocationApiResponse" sourcefilename="ImageUploadLocationApiResponse.java"/><class name="io/oigres/ecomm/bff/admin/api/model/products/BulkCPErrorResponse" sourcefilename="BulkCPErrorResponse.java"/><sourcefile name="BulkCPErrorResponse.java"/><sourcefile name="ImageUploadLocationApiResponse.java"/></package><package name="io/oigres/ecomm/bff/admin/config"><class name="io/oigres/ecomm/bff/admin/config/CacheConfiguration" sourcefilename="CacheConfiguration.java"><method name="&lt;init&gt;" desc="()V" line="33"><counter type="INSTRUCTION" missed="0" covered="3"/><counter type="LINE" missed="0" covered="1"/><counter type="COMPLEXITY" missed="0" covered="1"/><counter type="METHOD" missed="0" covered="1"/></method><method name="redisCacheManagerBuilderCustomizer" desc="()Lorg/springframework/boot/autoconfigure/cache/RedisCacheManagerBuilderCustomizer;" line="36"><counter type="INSTRUCTION" missed="0" covered="2"/><counter type="LINE" missed="0" covered="1"/><counter type="COMPLEXITY" missed="0" covered="1"/><counter type="METHOD" missed="0" covered="1"/></method><method name="lambda$redisCacheManagerBuilderCustomizer$0" desc="(Lorg/springframework/data/redis/cache/RedisCacheManager$RedisCacheManagerBuilder;)V" line="37"><counter type="INSTRUCTION" missed="0" covered="9"/><counter type="LINE" missed="0" covered="2"/><counter type="COMPLEXITY" missed="0" covered="1"/><counter type="METHOD" missed="0" covered="1"/></method><counter type="INSTRUCTION" missed="0" covered="14"/><counter type="LINE" missed="0" covered="4"/><counter type="COMPLEXITY" missed="0" covered="3"/><counter type="METHOD" missed="0" covered="3"/><counter type="CLASS" missed="0" covered="1"/></class><class name="io/oigres/ecomm/bff/admin/config/OpenApiV3Properties$AdminBFFProperties" sourcefilename="OpenApiV3Properties.java"/><class name="io/oigres/ecomm/bff/admin/config/OpenApiV3Properties$BFFProperties" sourcefilename="OpenApiV3Properties.java"/><class name="io/oigres/ecomm/bff/admin/config/BackendServicesProperties$UsersServiceProperties" sourcefilename="BackendServicesProperties.java"/><class name="io/oigres/ecomm/bff/admin/config/RemoteServicesConfiguration" sourcefilename="RemoteServicesConfiguration.java"><method name="&lt;init&gt;" desc="()V" line="39"><counter type="INSTRUCTION" missed="0" covered="3"/><counter type="LINE" missed="0" covered="1"/><counter type="COMPLEXITY" missed="0" covered="1"/><counter type="METHOD" missed="0" covered="1"/></method><method name="asyncConsumerUsersService" desc="(Lorg/springframework/web/reactive/function/client/WebClient$Builder;Lio/oigres/ecomm/bff/admin/config/BackendServicesProperties;)Lio/oigres/ecomm/service/users/api/UsersService;" line="44"><counter type="INSTRUCTION" missed="0" covered="10"/><counter type="LINE" missed="0" covered="2"/><counter type="COMPLEXITY" missed="0" covered="1"/><counter type="METHOD" missed="0" covered="1"/></method><method name="stockTransactionService" desc="(Lorg/springframework/web/reactive/function/client/WebClient$Builder;Lio/oigres/ecomm/bff/admin/config/BackendServicesProperties;)Lio/oigres/ecomm/service/products/model/StockTransactionsService;" line="51"><counter type="INSTRUCTION" missed="0" covered="10"/><counter type="LINE" missed="0" covered="2"/><counter type="COMPLEXITY" missed="0" covered="1"/><counter type="METHOD" missed="0" covered="1"/></method><method name="categoryService" desc="(Lorg/springframework/web/reactive/function/client/WebClient$Builder;Lorg/springframework/boot/web/client/RestTemplateBuilder;Lio/oigres/ecomm/bff/admin/config/BackendServicesProperties;)Lio/oigres/ecomm/service/products/model/CategoryService;" line="60"><counter type="INSTRUCTION" missed="0" covered="19"/><counter type="LINE" missed="0" covered="3"/><counter type="COMPLEXITY" missed="0" covered="1"/><counter type="METHOD" missed="0" covered="1"/></method><method name="dispensariesService" desc="(Lorg/springframework/web/reactive/function/client/WebClient$Builder;Lio/oigres/ecomm/bff/admin/config/BackendServicesProperties;)Lio/oigres/ecomm/service/products/IDispensaryService;" line="69"><counter type="INSTRUCTION" missed="0" covered="13"/><counter type="LINE" missed="0" covered="2"/><counter type="COMPLEXITY" missed="0" covered="1"/><counter type="METHOD" missed="0" covered="1"/></method><method name="asyncDispensariesService" desc="(Lorg/springframework/web/reactive/function/client/WebClient$Builder;Lio/oigres/ecomm/bff/admin/config/BackendServicesProperties;)Lio/oigres/ecomm/service/products/api/AsyncDispensariesService;" line="77"><counter type="INSTRUCTION" missed="0" covered="13"/><counter type="LINE" missed="0" covered="2"/><counter type="COMPLEXITY" missed="0" covered="1"/><counter type="METHOD" missed="0" covered="1"/></method><method name="ordersService" desc="(Lorg/springframework/web/reactive/function/client/WebClient$Builder;Lio/oigres/ecomm/bff/admin/config/BackendServicesProperties;)Lio/oigres/ecomm/service/orders/OrdersService;" line="85"><counter type="INSTRUCTION" missed="0" covered="13"/><counter type="LINE" missed="0" covered="2"/><counter type="COMPLEXITY" missed="0" covered="1"/><counter type="METHOD" missed="0" covered="1"/></method><method name="asyncOrdersService" desc="(Lorg/springframework/web/reactive/function/client/WebClient$Builder;Lio/oigres/ecomm/bff/admin/config/BackendServicesProperties;)Lio/oigres/ecomm/service/orders/api/AsyncOrdersService;" line="93"><counter type="INSTRUCTION" missed="0" covered="13"/><counter type="LINE" missed="0" covered="2"/><counter type="COMPLEXITY" missed="0" covered="1"/><counter type="METHOD" missed="0" covered="1"/></method><counter type="INSTRUCTION" missed="0" covered="94"/><counter type="LINE" missed="0" covered="16"/><counter type="COMPLEXITY" missed="0" covered="8"/><counter type="METHOD" missed="0" covered="8"/><counter type="CLASS" missed="0" covered="1"/></class><class name="io/oigres/ecomm/bff/admin/config/BackendServicesProperties$ProductsServiceProperties" sourcefilename="BackendServicesProperties.java"/><class name="io/oigres/ecomm/bff/admin/config/OpenApiV3Configuration" sourcefilename="OpenApiV3Configuration.java"><method name="&lt;init&gt;" desc="()V" line="27"><counter type="INSTRUCTION" missed="0" covered="3"/><counter type="LINE" missed="0" covered="1"/><counter type="COMPLEXITY" missed="0" covered="1"/><counter type="METHOD" missed="0" covered="1"/></method><method name="customOpenAPI" desc="(Lio/oigres/ecomm/bff/admin/config/OpenApiV3Properties;)Lio/swagger/v3/oas/models/OpenAPI;" line="31"><counter type="INSTRUCTION" missed="0" covered="35"/><counter type="LINE" missed="0" covered="8"/><counter type="COMPLEXITY" missed="0" covered="1"/><counter type="METHOD" missed="0" covered="1"/></method><counter type="INSTRUCTION" missed="0" covered="38"/><counter type="LINE" missed="0" covered="9"/><counter type="COMPLEXITY" missed="0" covered="2"/><counter type="METHOD" missed="0" covered="2"/><counter type="CLASS" missed="0" covered="1"/></class><class name="io/oigres/ecomm/bff/admin/config/BackendServicesProperties" sourcefilename="BackendServicesProperties.java"/><class name="io/oigres/ecomm/bff/admin/config/OpenApiV3Properties" sourcefilename="OpenApiV3Properties.java"/><class name="io/oigres/ecomm/bff/admin/config/BackendServicesProperties$OrdersServiceProperties" sourcefilename="BackendServicesProperties.java"/><class name="io/oigres/ecomm/bff/admin/config/ApplicationReadyInitializer" sourcefilename="ApplicationReadyInitializer.java"><method name="&lt;init&gt;" desc="()V" line="36"><counter type="INSTRUCTION" missed="0" covered="3"/><counter type="LINE" missed="0" covered="1"/><counter type="COMPLEXITY" missed="0" covered="1"/><counter type="METHOD" missed="0" covered="1"/></method><method name="onApplicationEvent" desc="(Lorg/springframework/boot/context/event/ApplicationReadyEvent;)V" line="42"><counter type="INSTRUCTION" missed="0" covered="85"/><counter type="LINE" missed="0" covered="23"/><counter type="COMPLEXITY" missed="0" covered="1"/><counter type="METHOD" missed="0" covered="1"/></method><method name="&lt;clinit&gt;" desc="()V" line="35"><counter type="INSTRUCTION" missed="0" covered="4"/><counter type="LINE" missed="0" covered="1"/><counter type="COMPLEXITY" missed="0" covered="1"/><counter type="METHOD" missed="0" covered="1"/></method><counter type="INSTRUCTION" missed="0" covered="92"/><counter type="LINE" missed="0" covered="25"/><counter type="COMPLEXITY" missed="0" covered="3"/><counter type="METHOD" missed="0" covered="3"/><counter type="CLASS" missed="0" covered="1"/></class><sourcefile name="OpenApiV3Configuration.java"><line nr="27" mi="0" ci="3" mb="0" cb="0"/><line nr="31" mi="0" ci="8" mb="0" cb="0"/><line nr="32" mi="0" ci="1" mb="0" cb="0"/><line nr="34" mi="0" ci="5" mb="0" cb="0"/><line nr="35" mi="0" ci="5" mb="0" cb="0"/><line nr="36" mi="0" ci="5" mb="0" cb="0"/><line nr="37" mi="0" ci="6" mb="0" cb="0"/><line nr="38" mi="0" ci="1" mb="0" cb="0"/><line nr="39" mi="0" ci="4" mb="0" cb="0"/><counter type="INSTRUCTION" missed="0" covered="38"/><counter type="LINE" missed="0" covered="9"/><counter type="COMPLEXITY" missed="0" covered="2"/><counter type="METHOD" missed="0" covered="2"/><counter type="CLASS" missed="0" covered="1"/></sourcefile><sourcefile name="OpenApiV3Properties.java"/><sourcefile name="ApplicationReadyInitializer.java"><line nr="35" mi="0" ci="4" mb="0" cb="0"/><line nr="36" mi="0" ci="3" mb="0" cb="0"/><line nr="42" mi="0" ci="3" mb="0" cb="0"/><line nr="43" mi="0" ci="3" mb="0" cb="0"/><line nr="44" mi="0" ci="3" mb="0" cb="0"/><line nr="45" mi="0" ci="3" mb="0" cb="0"/><line nr="46" mi="0" ci="4" mb="0" cb="0"/><line nr="47" mi="0" ci="5" mb="0" cb="0"/><line nr="48" mi="0" ci="4" mb="0" cb="0"/><line nr="49" mi="0" ci="2" mb="0" cb="0"/><line nr="50" mi="0" ci="3" mb="0" cb="0"/><line nr="51" mi="0" ci="4" mb="0" cb="0"/><line nr="53" mi="0" ci="3" mb="0" cb="0"/><line nr="54" mi="0" ci="4" mb="0" cb="0"/><line nr="56" mi="0" ci="3" mb="0" cb="0"/><line nr="57" mi="0" ci="4" mb="0" cb="0"/><line nr="59" mi="0" ci="3" mb="0" cb="0"/><line nr="60" mi="0" ci="7" mb="0" cb="0"/><line nr="61" mi="0" ci="3" mb="0" cb="0"/><line nr="62" mi="0" ci="7" mb="0" cb="0"/><line nr="63" mi="0" ci="3" mb="0" cb="0"/><line nr="64" mi="0" ci="7" mb="0" cb="0"/><line nr="65" mi="0" ci="3" mb="0" cb="0"/><line nr="66" mi="0" ci="3" mb="0" cb="0"/><line nr="67" mi="0" ci="1" mb="0" cb="0"/><counter type="INSTRUCTION" missed="0" covered="92"/><counter type="LINE" missed="0" covered="25"/><counter type="COMPLEXITY" missed="0" covered="3"/><counter type="METHOD" missed="0" covered="3"/><counter type="CLASS" missed="0" covered="1"/></sourcefile><sourcefile name="BackendServicesProperties.java"/><sourcefile name="RemoteServicesConfiguration.java"><line nr="39" mi="0" ci="3" mb="0" cb="0"/><line nr="44" mi="0" ci="5" mb="0" cb="0"/><line nr="45" mi="0" ci="5" mb="0" cb="0"/><line nr="51" mi="0" ci="5" mb="0" cb="0"/><line nr="52" mi="0" ci="5" mb="0" cb="0"/><line nr="60" mi="0" ci="7" mb="0" cb="0"/><line nr="62" mi="0" ci="7" mb="0" cb="0"/><line nr="63" mi="0" ci="5" mb="0" cb="0"/><line nr="69" mi="0" ci="7" mb="0" cb="0"/><line nr="71" mi="0" ci="6" mb="0" cb="0"/><line nr="77" mi="0" ci="7" mb="0" cb="0"/><line nr="79" mi="0" ci="6" mb="0" cb="0"/><line nr="85" mi="0" ci="7" mb="0" cb="0"/><line nr="87" mi="0" ci="6" mb="0" cb="0"/><line nr="93" mi="0" ci="7" mb="0" cb="0"/><line nr="95" mi="0" ci="6" mb="0" cb="0"/><counter type="INSTRUCTION" missed="0" covered="94"/><counter type="LINE" missed="0" covered="16"/><counter type="COMPLEXITY" missed="0" covered="8"/><counter type="METHOD" missed="0" covered="8"/><counter type="CLASS" missed="0" covered="1"/></sourcefile><sourcefile name="CacheConfiguration.java"><line nr="33" mi="0" ci="3" mb="0" cb="0"/><line nr="36" mi="0" ci="2" mb="0" cb="0"/><line nr="37" mi="0" ci="5" mb="0" cb="0"/><line nr="38" mi="0" ci="4" mb="0" cb="0"/><counter type="INSTRUCTION" missed="0" covered="14"/><counter type="LINE" missed="0" covered="4"/><counter type="COMPLEXITY" missed="0" covered="3"/><counter type="METHOD" missed="0" covered="3"/><counter type="CLASS" missed="0" covered="1"/></sourcefile><counter type="INSTRUCTION" missed="0" covered="238"/><counter type="LINE" missed="0" covered="54"/><counter type="COMPLEXITY" missed="0" covered="16"/><counter type="METHOD" missed="0" covered="16"/><counter type="CLASS" missed="0" covered="4"/></package><package name="io/oigres/ecomm/bff/admin/api/model"><class name="io/oigres/ecomm/bff/admin/api/model/GetTerpeneByIdApiResponse$GetTerpeneByIdApiResponseBuilder" sourcefilename="GetTerpeneByIdApiResponse.java"/><class name="io/oigres/ecomm/bff/admin/api/model/OrderUserResponse" sourcefilename="OrderUserResponse.java"/><class name="io/oigres/ecomm/bff/admin/api/model/ChangeStrainStateByIdApiResponse$ChangeStrainStateByIdApiResponseBuilder" sourcefilename="ChangeStrainStateByIdApiResponse.java"/><class name="io/oigres/ecomm/bff/admin/api/model/ImageUploadLocationApiResponse$ImageUploadLocationApiResponseBuilder" sourcefilename="ImageUploadLocationApiResponse.java"/><class name="io/oigres/ecomm/bff/admin/api/model/DashboardSocialMediaResponse$DashboardSocialMediaResponseBuilder" sourcefilename="DashboardSocialMediaResponse.java"/><class name="io/oigres/ecomm/bff/admin/api/model/BulkDeleteStrainsErrorResponse" sourcefilename="BulkDeleteStrainsErrorResponse.java"/><class name="io/oigres/ecomm/bff/admin/api/model/DashboardSocialMediaResponse" sourcefilename="DashboardSocialMediaResponse.java"/><class name="io/oigres/ecomm/bff/admin/api/model/GetSeedCompanyApiResponse" sourcefilename="GetSeedCompanyApiResponse.java"/><class name="io/oigres/ecomm/bff/admin/api/model/GetAllTerpenesApiResponse$GetAllTerpenesApiResponseBuilder" sourcefilename="GetAllTerpenesApiResponse.java"/><class name="io/oigres/ecomm/bff/admin/api/model/CategoryResponse$CategoryResponseBuilderImpl" sourcefilename="CategoryResponse.java"/><class name="io/oigres/ecomm/bff/admin/api/model/ProductWithDetailResponse" sourcefilename="ProductWithDetailResponse.java"><method name="getVideos" desc="()Ljava/util/List;" line="47"><counter type="INSTRUCTION" missed="4" covered="0"/><counter type="LINE" missed="1" covered="0"/><counter type="COMPLEXITY" missed="1" covered="0"/><counter type="METHOD" missed="1" covered="0"/></method><method name="getImages" desc="()Ljava/util/List;" line="51"><counter type="INSTRUCTION" missed="4" covered="0"/><counter type="LINE" missed="1" covered="0"/><counter type="COMPLEXITY" missed="1" covered="0"/><counter type="METHOD" missed="1" covered="0"/></method><counter type="INSTRUCTION" missed="8" covered="0"/><counter type="LINE" missed="2" covered="0"/><counter type="COMPLEXITY" missed="2" covered="0"/><counter type="METHOD" missed="2" covered="0"/><counter type="CLASS" missed="1" covered="0"/></class><class name="io/oigres/ecomm/bff/admin/api/model/EditCatalogProductResponse" sourcefilename="EditCatalogProductResponse.java"/><class name="io/oigres/ecomm/bff/admin/api/model/ResourceResponse$ResourceResponseBuilder" sourcefilename="ResourceResponse.java"/><class name="io/oigres/ecomm/bff/admin/api/model/OrderStatusResponse$OrderStatusResponseBuilder" sourcefilename="OrderStatusResponse.java"/><class name="io/oigres/ecomm/bff/admin/api/model/AddCatalogProductRequest" sourcefilename="AddCatalogProductRequest.java"/><class name="io/oigres/ecomm/bff/admin/api/model/OrderWithDetailResponse$OrderWithDetailResponseBuilder" sourcefilename="OrderWithDetailResponse.java"/><class name="io/oigres/ecomm/bff/admin/api/model/BrandResponse$BrandResponseBuilderImpl" sourcefilename="BrandResponse.java"/><class name="io/oigres/ecomm/bff/admin/api/model/BrandWithDetailResponse" sourcefilename="BrandWithDetailResponse.java"><method name="getProductCategoriesIds" desc="()Ljava/util/List;" line="43"><counter type="INSTRUCTION" missed="4" covered="0"/><counter type="LINE" missed="1" covered="0"/><counter type="COMPLEXITY" missed="1" covered="0"/><counter type="METHOD" missed="1" covered="0"/></method><method name="getFeaturedProductsIds" desc="()Ljava/util/List;" line="47"><counter type="INSTRUCTION" missed="4" covered="0"/><counter type="LINE" missed="1" covered="0"/><counter type="COMPLEXITY" missed="1" covered="0"/><counter type="METHOD" missed="1" covered="0"/></method><method name="getImages" desc="()Ljava/util/List;" line="51"><counter type="INSTRUCTION" missed="4" covered="0"/><counter type="LINE" missed="1" covered="0"/><counter type="COMPLEXITY" missed="1" covered="0"/><counter type="METHOD" missed="1" covered="0"/></method><method name="getVideos" desc="()Ljava/util/List;" line="55"><counter type="INSTRUCTION" missed="4" covered="0"/><counter type="LINE" missed="1" covered="0"/><counter type="COMPLEXITY" missed="1" covered="0"/><counter type="METHOD" missed="1" covered="0"/></method><counter type="INSTRUCTION" missed="16" covered="0"/><counter type="LINE" missed="4" covered="0"/><counter type="COMPLEXITY" missed="4" covered="0"/><counter type="METHOD" missed="4" covered="0"/><counter type="CLASS" missed="1" covered="0"/></class><class name="io/oigres/ecomm/bff/admin/api/model/DashboardAppDownloadsResponse$DashboardAppDownloadsResponseBuilder" sourcefilename="DashboardAppDownloadsResponse.java"/><class name="io/oigres/ecomm/bff/admin/api/model/BrandWithAmountResponse$BrandWithAmountResponseBuilder" sourcefilename="BrandWithAmountResponse.java"/><class name="io/oigres/ecomm/bff/admin/api/model/ProductWithDetailRequest" sourcefilename="ProductWithDetailRequest.java"><method name="getImages" desc="()Ljava/util/List;" line="49"><counter type="INSTRUCTION" missed="4" covered="0"/><counter type="LINE" missed="1" covered="0"/><counter type="COMPLEXITY" missed="1" covered="0"/><counter type="METHOD" missed="1" covered="0"/></method><method name="getVideos" desc="()Ljava/util/List;" line="53"><counter type="INSTRUCTION" missed="4" covered="0"/><counter type="LINE" missed="1" covered="0"/><counter type="COMPLEXITY" missed="1" covered="0"/><counter type="METHOD" missed="1" covered="0"/></method><counter type="INSTRUCTION" missed="8" covered="0"/><counter type="LINE" missed="2" covered="0"/><counter type="COMPLEXITY" missed="2" covered="0"/><counter type="METHOD" missed="2" covered="0"/><counter type="CLASS" missed="1" covered="0"/></class><class name="io/oigres/ecomm/bff/admin/api/model/GetOrdersListWithTotalResponse" sourcefilename="GetOrdersListWithTotalResponse.java"/><class name="io/oigres/ecomm/bff/admin/api/model/BulkDeleteProdcutsErrorResponse" sourcefilename="BulkDeleteProdcutsErrorResponse.java"/><class name="io/oigres/ecomm/bff/admin/api/model/ChangeStrainStateByIdApiResponse" sourcefilename="ChangeStrainStateByIdApiResponse.java"/><class name="io/oigres/ecomm/bff/admin/api/model/StateApiResponse" sourcefilename="StateApiResponse.java"/><class name="io/oigres/ecomm/bff/admin/api/model/BulkDeleteProductsResponse" sourcefilename="BulkDeleteProductsResponse.java"><method name="getDeleted" desc="()Ljava/util/List;" line="35"><counter type="INSTRUCTION" missed="4" covered="0"/><counter type="LINE" missed="1" covered="0"/><counter type="COMPLEXITY" missed="1" covered="0"/><counter type="METHOD" missed="1" covered="0"/></method><method name="getErrors" desc="()Ljava/util/List;" line="39"><counter type="INSTRUCTION" missed="4" covered="0"/><counter type="LINE" missed="1" covered="0"/><counter type="COMPLEXITY" missed="1" covered="0"/><counter type="METHOD" missed="1" covered="0"/></method><counter type="INSTRUCTION" missed="8" covered="0"/><counter type="LINE" missed="2" covered="0"/><counter type="COMPLEXITY" missed="2" covered="0"/><counter type="METHOD" missed="2" covered="0"/><counter type="CLASS" missed="1" covered="0"/></class><class name="io/oigres/ecomm/bff/admin/api/model/ProductToApproveResponse" sourcefilename="ProductToApproveResponse.java"><method name="getFlavors" desc="()Ljava/util/List;" line="42"><counter type="INSTRUCTION" missed="4" covered="0"/><counter type="LINE" missed="1" covered="0"/><counter type="COMPLEXITY" missed="1" covered="0"/><counter type="METHOD" missed="1" covered="0"/></method><counter type="INSTRUCTION" missed="4" covered="0"/><counter type="LINE" missed="1" covered="0"/><counter type="COMPLEXITY" missed="1" covered="0"/><counter type="METHOD" missed="1" covered="0"/><counter type="CLASS" missed="1" covered="0"/></class><class name="io/oigres/ecomm/bff/admin/api/model/GetAllStrainTypesApiResponse" sourcefilename="GetAllStrainTypesApiResponse.java"/><class name="io/oigres/ecomm/bff/admin/api/model/SocialMediaRequest" sourcefilename="SocialMediaRequest.java"/><class name="io/oigres/ecomm/bff/admin/api/model/CatalogProductByIdResponse" sourcefilename="CatalogProductByIdResponse.java"><method name="getImages" desc="()Ljava/util/List;" line="50"><counter type="INSTRUCTION" missed="4" covered="0"/><counter type="LINE" missed="1" covered="0"/><counter type="COMPLEXITY" missed="1" covered="0"/><counter type="METHOD" missed="1" covered="0"/></method><method name="getVideos" desc="()Ljava/util/List;" line="54"><counter type="INSTRUCTION" missed="4" covered="0"/><counter type="LINE" missed="1" covered="0"/><counter type="COMPLEXITY" missed="1" covered="0"/><counter type="METHOD" missed="1" covered="0"/></method><counter type="INSTRUCTION" missed="8" covered="0"/><counter type="LINE" missed="2" covered="0"/><counter type="COMPLEXITY" missed="2" covered="0"/><counter type="METHOD" missed="2" covered="0"/><counter type="CLASS" missed="1" covered="0"/></class><class name="io/oigres/ecomm/bff/admin/api/model/BrandWithDetailRequest" sourcefilename="BrandWithDetailRequest.java"><method name="getProductCategoriesIds" desc="()Ljava/util/List;" line="47"><counter type="INSTRUCTION" missed="4" covered="0"/><counter type="LINE" missed="1" covered="0"/><counter type="COMPLEXITY" missed="1" covered="0"/><counter type="METHOD" missed="1" covered="0"/></method><method name="getFeaturesProductsIds" desc="()Ljava/util/List;" line="51"><counter type="INSTRUCTION" missed="4" covered="0"/><counter type="LINE" missed="1" covered="0"/><counter type="COMPLEXITY" missed="1" covered="0"/><counter type="METHOD" missed="1" covered="0"/></method><method name="getImages" desc="()Ljava/util/List;" line="55"><counter type="INSTRUCTION" missed="4" covered="0"/><counter type="LINE" missed="1" covered="0"/><counter type="COMPLEXITY" missed="1" covered="0"/><counter type="METHOD" missed="1" covered="0"/></method><method name="getVideos" desc="()Ljava/util/List;" line="59"><counter type="INSTRUCTION" missed="4" covered="0"/><counter type="LINE" missed="1" covered="0"/><counter type="COMPLEXITY" missed="1" covered="0"/><counter type="METHOD" missed="1" covered="0"/></method><counter type="INSTRUCTION" missed="16" covered="0"/><counter type="LINE" missed="4" covered="0"/><counter type="COMPLEXITY" missed="4" covered="0"/><counter type="METHOD" missed="4" covered="0"/><counter type="CLASS" missed="1" covered="0"/></class><class name="io/oigres/ecomm/bff/admin/api/model/SocialMediaRequest$SocialMediaRequestBuilder" sourcefilename="SocialMediaRequest.java"/><class name="io/oigres/ecomm/bff/admin/api/model/BrandWithNameAndProductsAmountApiResponse" sourcefilename="BrandWithNameAndProductsAmountApiResponse.java"/><class name="io/oigres/ecomm/bff/admin/api/model/DashboardContentResponse$DashboardContentResponseBuilder" sourcefilename="DashboardContentResponse.java"/><class name="io/oigres/ecomm/bff/admin/api/model/EditCatalogProductResponse$EditCatalogProductResponseBuilder" sourcefilename="EditCatalogProductResponse.java"/><class name="io/oigres/ecomm/bff/admin/api/model/PaginatedResponse" sourcefilename="PaginatedResponse.java"><method name="&lt;init&gt;" desc="(Ljava/util/Collection;IIIJ)V" line="36"><counter type="INSTRUCTION" missed="0" covered="19"/><counter type="LINE" missed="0" covered="7"/><counter type="COMPLEXITY" missed="0" covered="1"/><counter type="METHOD" missed="0" covered="1"/></method><counter type="INSTRUCTION" missed="0" covered="19"/><counter type="LINE" missed="0" covered="7"/><counter type="COMPLEXITY" missed="0" covered="1"/><counter type="METHOD" missed="0" covered="1"/><counter type="CLASS" missed="0" covered="1"/></class><class name="io/oigres/ecomm/bff/admin/api/model/OrderStatusAmountDto" sourcefilename="OrderStatusAmountDto.java"/><class name="io/oigres/ecomm/bff/admin/api/model/GenderApiResponse" sourcefilename="GenderApiResponse.java"/><class name="io/oigres/ecomm/bff/admin/api/model/UserResponse$UserResponseBuilder" sourcefilename="UserResponse.java"/><class name="io/oigres/ecomm/bff/admin/api/model/GetEffectByIdApiResponse" sourcefilename="GetEffectByIdApiResponse.java"/><class name="io/oigres/ecomm/bff/admin/api/model/UserResponse" sourcefilename="UserResponse.java"/><class name="io/oigres/ecomm/bff/admin/api/model/BrandWithDetailRequest$BrandWithDetailRequestBuilder" sourcefilename="BrandWithDetailRequest.java"/><class name="io/oigres/ecomm/bff/admin/api/model/BrandWithNameAndProductsAmountApiResponse$BrandWithNameAndProductsAmountApiResponseBuilder" sourcefilename="BrandWithNameAndProductsAmountApiResponse.java"/><class name="io/oigres/ecomm/bff/admin/api/model/OrderDispensaryResponse" sourcefilename="OrderDispensaryResponse.java"/><class name="io/oigres/ecomm/bff/admin/api/model/CatalogProductResponse$CatalogProductResponseBuilder" sourcefilename="CatalogProductResponse.java"/><class name="io/oigres/ecomm/bff/admin/api/model/CommonErrorHandlerResponse" sourcefilename="CommonErrorHandlerResponse.java"/><class name="io/oigres/ecomm/bff/admin/api/model/BulkDeleteStrainsRequest$BulkDeleteStrainsRequestBuilder" sourcefilename="BulkDeleteStrainsRequest.java"/><class name="io/oigres/ecomm/bff/admin/api/model/OrderResponse" sourcefilename="OrderResponse.java"/><class name="io/oigres/ecomm/bff/admin/api/model/GetAllFlavorsApiResponse" sourcefilename="GetAllFlavorsApiResponse.java"/><class name="io/oigres/ecomm/bff/admin/api/model/ProductWithDetailResponse$ProductWithDetailResponseBuilder" sourcefilename="ProductWithDetailResponse.java"/><class name="io/oigres/ecomm/bff/admin/api/model/CategoryResponse" sourcefilename="CategoryResponse.java"/><class name="io/oigres/ecomm/bff/admin/api/model/BulkDeleteProductsRequest" sourcefilename="BulkDeleteProductsRequest.java"><method name="getIds" desc="()Ljava/util/List;" line="36"><counter type="INSTRUCTION" missed="4" covered="0"/><counter type="LINE" missed="1" covered="0"/><counter type="COMPLEXITY" missed="1" covered="0"/><counter type="METHOD" missed="1" covered="0"/></method><counter type="INSTRUCTION" missed="4" covered="0"/><counter type="LINE" missed="1" covered="0"/><counter type="COMPLEXITY" missed="1" covered="0"/><counter type="METHOD" missed="1" covered="0"/><counter type="CLASS" missed="1" covered="0"/></class><class name="io/oigres/ecomm/bff/admin/api/model/ProductResponse$ProductResponseBuilder" sourcefilename="ProductResponse.java"/><class name="io/oigres/ecomm/bff/admin/api/model/ImageUploadLocationApiResponse" sourcefilename="ImageUploadLocationApiResponse.java"/><class name="io/oigres/ecomm/bff/admin/api/model/BulkDeleteStrainsErrorResponse$BulkDeleteStrainsErrorResponseBuilder" sourcefilename="BulkDeleteStrainsErrorResponse.java"/><class name="io/oigres/ecomm/bff/admin/api/model/DashboardStatusResponse$DashboardStatusResponseBuilder" sourcefilename="DashboardStatusResponse.java"/><class name="io/oigres/ecomm/bff/admin/api/model/ProductToApproveResponse$ProductToApproveResponseBuilder" sourcefilename="ProductToApproveResponse.java"/><class name="io/oigres/ecomm/bff/admin/api/model/ResourceResponse" sourcefilename="ResourceResponse.java"/><class name="io/oigres/ecomm/bff/admin/api/model/BulkDeleteProdcutsErrorResponse$BulkDeleteProdcutsErrorResponseBuilder" sourcefilename="BulkDeleteProdcutsErrorResponse.java"/><class name="io/oigres/ecomm/bff/admin/api/model/OrderStatusAmountDto$OrderStatusAmountDtoBuilder" sourcefilename="OrderStatusAmountDto.java"/><class name="io/oigres/ecomm/bff/admin/api/model/StrainWithDetailRequest" sourcefilename="StrainWithDetailRequest.java"><method name="getImg" desc="()Ljava/util/List;" line="54"><counter type="INSTRUCTION" missed="4" covered="0"/><counter type="LINE" missed="1" covered="0"/><counter type="COMPLEXITY" missed="1" covered="0"/><counter type="METHOD" missed="1" covered="0"/></method><method name="getTerpenesIds" desc="()Ljava/util/List;" line="58"><counter type="INSTRUCTION" missed="4" covered="0"/><counter type="LINE" missed="1" covered="0"/><counter type="COMPLEXITY" missed="1" covered="0"/><counter type="METHOD" missed="1" covered="0"/></method><method name="getHelpsWithIds" desc="()Ljava/util/List;" line="62"><counter type="INSTRUCTION" missed="4" covered="0"/><counter type="LINE" missed="1" covered="0"/><counter type="COMPLEXITY" missed="1" covered="0"/><counter type="METHOD" missed="1" covered="0"/></method><method name="getConsumeTypesIds" desc="()Ljava/util/List;" line="66"><counter type="INSTRUCTION" missed="4" covered="0"/><counter type="LINE" missed="1" covered="0"/><counter type="COMPLEXITY" missed="1" covered="0"/><counter type="METHOD" missed="1" covered="0"/></method><method name="getEffectsIds" desc="()Ljava/util/List;" line="70"><counter type="INSTRUCTION" missed="4" covered="0"/><counter type="LINE" missed="1" covered="0"/><counter type="COMPLEXITY" missed="1" covered="0"/><counter type="METHOD" missed="1" covered="0"/></method><method name="getFlavorsIds" desc="()Ljava/util/List;" line="74"><counter type="INSTRUCTION" missed="4" covered="0"/><counter type="LINE" missed="1" covered="0"/><counter type="COMPLEXITY" missed="1" covered="0"/><counter type="METHOD" missed="1" covered="0"/></method><counter type="INSTRUCTION" missed="24" covered="0"/><counter type="LINE" missed="6" covered="0"/><counter type="COMPLEXITY" missed="6" covered="0"/><counter type="METHOD" missed="6" covered="0"/><counter type="CLASS" missed="1" covered="0"/></class><class name="io/oigres/ecomm/bff/admin/api/model/DashboardContentResponse" sourcefilename="DashboardContentResponse.java"/><class name="io/oigres/ecomm/bff/admin/api/model/ProductResponse" sourcefilename="ProductResponse.java"/><class name="io/oigres/ecomm/bff/admin/api/model/ZipCodeApiResponse" sourcefilename="ZipCodeApiResponse.java"/><class name="io/oigres/ecomm/bff/admin/api/model/StrainWithDetailRequest$StrainWithDetailRequestBuilder" sourcefilename="StrainWithDetailRequest.java"/><class name="io/oigres/ecomm/bff/admin/api/model/BrandWithDetailResponse$BrandWithDetailResponseBuilderImpl" sourcefilename="BrandWithDetailResponse.java"/><class name="io/oigres/ecomm/bff/admin/api/model/CategoryResponse$CategoryResponseBuilder" sourcefilename="CategoryResponse.java"/><class name="io/oigres/ecomm/bff/admin/api/model/StateApiResponse$StateApiResponseBuilder" sourcefilename="StateApiResponse.java"/><class name="io/oigres/ecomm/bff/admin/api/model/GetCatalogProductsByBrandIdApiResponse$GetCatalogProductsByBrandIdApiResponseBuilder" sourcefilename="GetCatalogProductsByBrandIdApiResponse.java"/><class name="io/oigres/ecomm/bff/admin/api/model/UserTypeApiResponse$UserTypeApiResponseBuilder" sourcefilename="UserTypeApiResponse.java"/><class name="io/oigres/ecomm/bff/admin/api/model/BulkDeleteStrainsResponse" sourcefilename="BulkDeleteStrainsResponse.java"><method name="getErrors" desc="()Ljava/util/List;" line="35"><counter type="INSTRUCTION" missed="4" covered="0"/><counter type="LINE" missed="1" covered="0"/><counter type="COMPLEXITY" missed="1" covered="0"/><counter type="METHOD" missed="1" covered="0"/></method><method name="getDeleted" desc="()Ljava/util/List;" line="39"><counter type="INSTRUCTION" missed="4" covered="0"/><counter type="LINE" missed="1" covered="0"/><counter type="COMPLEXITY" missed="1" covered="0"/><counter type="METHOD" missed="1" covered="0"/></method><counter type="INSTRUCTION" missed="8" covered="0"/><counter type="LINE" missed="2" covered="0"/><counter type="COMPLEXITY" missed="2" covered="0"/><counter type="METHOD" missed="2" covered="0"/><counter type="CLASS" missed="1" covered="0"/></class><class name="io/oigres/ecomm/bff/admin/api/model/EditCatalogProductRequest$EditCatalogProductRequestBuilder" sourcefilename="EditCatalogProductRequest.java"/><class name="io/oigres/ecomm/bff/admin/api/model/SocialMediaResponse" sourcefilename="SocialMediaResponse.java"/><class name="io/oigres/ecomm/bff/admin/api/model/OrderUserResponse$OrderUserResponseBuilder" sourcefilename="OrderUserResponse.java"/><class name="io/oigres/ecomm/bff/admin/api/model/CategoryWithQuantityResponse" sourcefilename="CategoryWithQuantityResponse.java"/><class name="io/oigres/ecomm/bff/admin/api/model/ResourceRequest$ResourceRequestBuilder" sourcefilename="ResourceRequest.java"/><class name="io/oigres/ecomm/bff/admin/api/model/GetSeedCompanyApiResponse$GetSeedCompanyApiResponseBuilder" sourcefilename="GetSeedCompanyApiResponse.java"/><class name="io/oigres/ecomm/bff/admin/api/model/OrderTaxResponse$OrderTaxResponseBuilder" sourcefilename="OrderTaxResponse.java"/><class name="io/oigres/ecomm/bff/admin/api/model/GetFlavorByIdApiResponse$GetFlavorByIdApiResponseBuilder" sourcefilename="GetFlavorByIdApiResponse.java"/><class name="io/oigres/ecomm/bff/admin/api/model/ResourceRequest$ResourceRequestBuilderImpl" sourcefilename="ResourceRequest.java"/><class name="io/oigres/ecomm/bff/admin/api/model/OrderResponse$OrderResponseBuilder" sourcefilename="OrderResponse.java"/><class name="io/oigres/ecomm/bff/admin/api/model/OrderWithDetailResponse" sourcefilename="OrderWithDetailResponse.java"><method name="getItems" desc="()Ljava/util/List;" line="45"><counter type="INSTRUCTION" missed="4" covered="0"/><counter type="LINE" missed="1" covered="0"/><counter type="COMPLEXITY" missed="1" covered="0"/><counter type="METHOD" missed="1" covered="0"/></method><method name="getStatuses" desc="()Ljava/util/List;" line="49"><counter type="INSTRUCTION" missed="4" covered="0"/><counter type="LINE" missed="1" covered="0"/><counter type="COMPLEXITY" missed="1" covered="0"/><counter type="METHOD" missed="1" covered="0"/></method><counter type="INSTRUCTION" missed="8" covered="0"/><counter type="LINE" missed="2" covered="0"/><counter type="COMPLEXITY" missed="2" covered="0"/><counter type="METHOD" missed="2" covered="0"/><counter type="CLASS" missed="1" covered="0"/></class><class name="io/oigres/ecomm/bff/admin/api/model/GetAllFlavorsApiResponse$GetAllFlavorsApiResponseBuilder" sourcefilename="GetAllFlavorsApiResponse.java"/><class name="io/oigres/ecomm/bff/admin/api/model/AddCatalogProductResponse$AddCatalogProductResponseBuilder" sourcefilename="AddCatalogProductResponse.java"/><class name="io/oigres/ecomm/bff/admin/api/model/AddCatalogProductRequest$AddCatalogProductRequestBuilder" sourcefilename="AddCatalogProductRequest.java"/><class name="io/oigres/ecomm/bff/admin/api/model/CategoryWithQuantityResponse$CategoryWithQuantityResponseBuilder" sourcefilename="CategoryWithQuantityResponse.java"/><class name="io/oigres/ecomm/bff/admin/api/model/IdListGenericRequest$IdListGenericRequestBuilder" sourcefilename="IdListGenericRequest.java"/><class name="io/oigres/ecomm/bff/admin/api/model/UserTypeApiResponse" sourcefilename="UserTypeApiResponse.java"/><class name="io/oigres/ecomm/bff/admin/api/model/OrderDispensaryResponse$OrderDispensaryResponseBuilder" sourcefilename="OrderDispensaryResponse.java"/><class name="io/oigres/ecomm/bff/admin/api/model/ResourceResponse$ResourceResponseBuilderImpl" sourcefilename="ResourceResponse.java"/><class name="io/oigres/ecomm/bff/admin/api/model/OrderStatusAmountApiResponse" sourcefilename="OrderStatusAmountApiResponse.java"><method name="getStatuses" desc="()Ljava/util/List;" line="32"><counter type="INSTRUCTION" missed="4" covered="0"/><counter type="LINE" missed="1" covered="0"/><counter type="COMPLEXITY" missed="1" covered="0"/><counter type="METHOD" missed="1" covered="0"/></method><counter type="INSTRUCTION" missed="4" covered="0"/><counter type="LINE" missed="1" covered="0"/><counter type="COMPLEXITY" missed="1" covered="0"/><counter type="METHOD" missed="1" covered="0"/><counter type="CLASS" missed="1" covered="0"/></class><class name="io/oigres/ecomm/bff/admin/api/model/BulkDeleteProductsRequest$BulkDeleteProductsRequestBuilder" sourcefilename="BulkDeleteProductsRequest.java"/><class name="io/oigres/ecomm/bff/admin/api/model/ProfileResponse" sourcefilename="ProfileResponse.java"/><class name="io/oigres/ecomm/bff/admin/api/model/CommonErrorHandlerResponse$CommonErrorHandlerResponseBuilder" sourcefilename="CommonErrorHandlerResponse.java"/><class name="io/oigres/ecomm/bff/admin/api/model/PauseOrUnpauseCatalogProductByIdResponse" sourcefilename="PauseOrUnpauseCatalogProductByIdResponse.java"/><class name="io/oigres/ecomm/bff/admin/api/model/StrainWithDetailResponse" sourcefilename="StrainWithDetailResponse.java"><method name="getImg" desc="()Ljava/util/List;" line="52"><counter type="INSTRUCTION" missed="4" covered="0"/><counter type="LINE" missed="1" covered="0"/><counter type="COMPLEXITY" missed="1" covered="0"/><counter type="METHOD" missed="1" covered="0"/></method><method name="getTerpenesIds" desc="()Ljava/util/List;" line="56"><counter type="INSTRUCTION" missed="4" covered="0"/><counter type="LINE" missed="1" covered="0"/><counter type="COMPLEXITY" missed="1" covered="0"/><counter type="METHOD" missed="1" covered="0"/></method><method name="getHelpsWithIds" desc="()Ljava/util/List;" line="60"><counter type="INSTRUCTION" missed="4" covered="0"/><counter type="LINE" missed="1" covered="0"/><counter type="COMPLEXITY" missed="1" covered="0"/><counter type="METHOD" missed="1" covered="0"/></method><method name="getConsumeTypesIds" desc="()Ljava/util/List;" line="64"><counter type="INSTRUCTION" missed="4" covered="0"/><counter type="LINE" missed="1" covered="0"/><counter type="COMPLEXITY" missed="1" covered="0"/><counter type="METHOD" missed="1" covered="0"/></method><method name="getEffectsIds" desc="()Ljava/util/List;" line="68"><counter type="INSTRUCTION" missed="4" covered="0"/><counter type="LINE" missed="1" covered="0"/><counter type="COMPLEXITY" missed="1" covered="0"/><counter type="METHOD" missed="1" covered="0"/></method><method name="getFlavorsIds" desc="()Ljava/util/List;" line="72"><counter type="INSTRUCTION" missed="4" covered="0"/><counter type="LINE" missed="1" covered="0"/><counter type="COMPLEXITY" missed="1" covered="0"/><counter type="METHOD" missed="1" covered="0"/></method><counter type="INSTRUCTION" missed="24" covered="0"/><counter type="LINE" missed="6" covered="0"/><counter type="COMPLEXITY" missed="6" covered="0"/><counter type="METHOD" missed="6" covered="0"/><counter type="CLASS" missed="1" covered="0"/></class><class name="io/oigres/ecomm/bff/admin/api/model/DashboardNewUsersResponse" sourcefilename="DashboardNewUsersResponse.java"/><class name="io/oigres/ecomm/bff/admin/api/model/ZipCodeApiResponse$ZipCodeApiResponseBuilder" sourcefilename="ZipCodeApiResponse.java"/><class name="io/oigres/ecomm/bff/admin/api/model/CatalogProductByIdResponse$CatalogProductByIdResponseBuilder" sourcefilename="CatalogProductByIdResponse.java"/><class name="io/oigres/ecomm/bff/admin/api/model/OrderStatusEnum" sourcefilename="OrderStatusEnum.java"><method name="&lt;clinit&gt;" desc="()V" line="20"><counter type="INSTRUCTION" missed="0" covered="33"/><counter type="LINE" missed="0" covered="6"/><counter type="COMPLEXITY" missed="0" covered="1"/><counter type="METHOD" missed="0" covered="1"/></method><counter type="INSTRUCTION" missed="0" covered="33"/><counter type="LINE" missed="0" covered="6"/><counter type="COMPLEXITY" missed="0" covered="1"/><counter type="METHOD" missed="0" covered="1"/><counter type="CLASS" missed="0" covered="1"/></class><class name="io/oigres/ecomm/bff/admin/api/model/SubCategoryResponse" sourcefilename="SubCategoryResponse.java"/><class name="io/oigres/ecomm/bff/admin/api/model/GetFlavorByIdApiResponse" sourcefilename="GetFlavorByIdApiResponse.java"/><class name="io/oigres/ecomm/bff/admin/api/model/OrderStatusResponse" sourcefilename="OrderStatusResponse.java"/><class name="io/oigres/ecomm/bff/admin/api/model/GetOrdersListWithTotalResponse$GetOrdersListWithTotalResponseBuilder" sourcefilename="GetOrdersListWithTotalResponse.java"/><class name="io/oigres/ecomm/bff/admin/api/model/UnitResponse" sourcefilename="UnitResponse.java"/><class name="io/oigres/ecomm/bff/admin/api/model/BrandWithAmountResponse$BrandWithAmountResponseBuilderImpl" sourcefilename="BrandWithAmountResponse.java"/><class name="io/oigres/ecomm/bff/admin/api/model/DashboardStatusResponse" sourcefilename="DashboardStatusResponse.java"/><class name="io/oigres/ecomm/bff/admin/api/model/DashboardResponse$DashboardResponseBuilder" sourcefilename="DashboardResponse.java"/><class name="io/oigres/ecomm/bff/admin/api/model/GetStrainTypeByIdApiResponse" sourcefilename="GetStrainTypeByIdApiResponse.java"/><class name="io/oigres/ecomm/bff/admin/api/model/OrderTaxResponse" sourcefilename="OrderTaxResponse.java"/><class name="io/oigres/ecomm/bff/admin/api/model/BulkDeleteProductsResponse$BulkDeleteProductsResponseBuilder" sourcefilename="BulkDeleteProductsResponse.java"/><class name="io/oigres/ecomm/bff/admin/api/model/GenderApiResponse$GenderApiResponseBuilder" sourcefilename="GenderApiResponse.java"/><class name="io/oigres/ecomm/bff/admin/api/model/GetTerpeneByIdApiResponse" sourcefilename="GetTerpeneByIdApiResponse.java"/><class name="io/oigres/ecomm/bff/admin/api/model/BulkDeleteStrainsResponse$BulkDeleteStrainsResponseBuilder" sourcefilename="BulkDeleteStrainsResponse.java"/><class name="io/oigres/ecomm/bff/admin/api/model/SubCategoryResponse$SubCategoryResponseBuilder" sourcefilename="SubCategoryResponse.java"/><class name="io/oigres/ecomm/bff/admin/api/model/StrainResponse" sourcefilename="StrainResponse.java"/><class name="io/oigres/ecomm/bff/admin/api/model/PauseOrUnpauseCatalogProductByIdResponse$PauseOrUnpauseCatalogProductByIdResponseBuilder" sourcefilename="PauseOrUnpauseCatalogProductByIdResponse.java"/><class name="io/oigres/ecomm/bff/admin/api/model/UnitResponse$UnitResponseBuilder" sourcefilename="UnitResponse.java"/><class name="io/oigres/ecomm/bff/admin/api/model/GetAllTerpenesApiResponse" sourcefilename="GetAllTerpenesApiResponse.java"/><class name="io/oigres/ecomm/bff/admin/api/model/CategoryWithQuantityResponse$CategoryWithQuantityResponseBuilderImpl" sourcefilename="CategoryWithQuantityResponse.java"/><class name="io/oigres/ecomm/bff/admin/api/model/GetStrainTypeByIdApiResponse$GetStrainTypeByIdApiResponseBuilder" sourcefilename="GetStrainTypeByIdApiResponse.java"/><class name="io/oigres/ecomm/bff/admin/api/model/OrderStatusAmountApiResponse$OrderStatusAmountApiResponseBuilder" sourcefilename="OrderStatusAmountApiResponse.java"/><class name="io/oigres/ecomm/bff/admin/api/model/StrainWithDetailResponse$StrainWithDetailResponseBuilder" sourcefilename="StrainWithDetailResponse.java"/><class name="io/oigres/ecomm/bff/admin/api/model/StrainResponse$StrainResponseBuilder" sourcefilename="StrainResponse.java"/><class name="io/oigres/ecomm/bff/admin/api/model/BrandResponse$BrandResponseBuilder" sourcefilename="BrandResponse.java"/><class name="io/oigres/ecomm/bff/admin/api/model/GetCatalogProductsByBrandIdApiResponse" sourcefilename="GetCatalogProductsByBrandIdApiResponse.java"/><class name="io/oigres/ecomm/bff/admin/api/model/PaginatedResponse$PaginatedResponseBuilder" sourcefilename="PaginatedResponse.java"/><class name="io/oigres/ecomm/bff/admin/api/model/CatalogProductResponse" sourcefilename="CatalogProductResponse.java"/><class name="io/oigres/ecomm/bff/admin/api/model/BrandWithAmountResponse" sourcefilename="BrandWithAmountResponse.java"/><class name="io/oigres/ecomm/bff/admin/api/model/AddCatalogProductResponse" sourcefilename="AddCatalogProductResponse.java"/><class name="io/oigres/ecomm/bff/admin/api/model/OrderItemResponse$OrderItemResponseBuilder" sourcefilename="OrderItemResponse.java"/><class name="io/oigres/ecomm/bff/admin/api/model/GetEffectByIdApiResponse$GetEffectByIdApiResponseBuilder" sourcefilename="GetEffectByIdApiResponse.java"/><class name="io/oigres/ecomm/bff/admin/api/model/BulkDeleteStrainsRequest" sourcefilename="BulkDeleteStrainsRequest.java"><method name="getIds" desc="()Ljava/util/List;" line="36"><counter type="INSTRUCTION" missed="4" covered="0"/><counter type="LINE" missed="1" covered="0"/><counter type="COMPLEXITY" missed="1" covered="0"/><counter type="METHOD" missed="1" covered="0"/></method><counter type="INSTRUCTION" missed="4" covered="0"/><counter type="LINE" missed="1" covered="0"/><counter type="COMPLEXITY" missed="1" covered="0"/><counter type="METHOD" missed="1" covered="0"/><counter type="CLASS" missed="1" covered="0"/></class><class name="io/oigres/ecomm/bff/admin/api/model/IdListGenericRequest" sourcefilename="IdListGenericRequest.java"><method name="getIds" desc="()Ljava/util/List;" line="36"><counter type="INSTRUCTION" missed="4" covered="0"/><counter type="LINE" missed="1" covered="0"/><counter type="COMPLEXITY" missed="1" covered="0"/><counter type="METHOD" missed="1" covered="0"/></method><counter type="INSTRUCTION" missed="4" covered="0"/><counter type="LINE" missed="1" covered="0"/><counter type="COMPLEXITY" missed="1" covered="0"/><counter type="METHOD" missed="1" covered="0"/><counter type="CLASS" missed="1" covered="0"/></class><class name="io/oigres/ecomm/bff/admin/api/model/DashboardNewUsersResponse$DashboardNewUsersResponseBuilder" sourcefilename="DashboardNewUsersResponse.java"/><class name="io/oigres/ecomm/bff/admin/api/model/SocialMediaResponse$SocialMediaResponseBuilder" sourcefilename="SocialMediaResponse.java"/><class name="io/oigres/ecomm/bff/admin/api/model/ResourceRequest" sourcefilename="ResourceRequest.java"/><class name="io/oigres/ecomm/bff/admin/api/model/GetAllStrainTypesApiResponse$GetAllStrainTypesApiResponseBuilder" sourcefilename="GetAllStrainTypesApiResponse.java"/><class name="io/oigres/ecomm/bff/admin/api/model/ProfileResponse$ProfileResponseBuilder" sourcefilename="ProfileResponse.java"/><class name="io/oigres/ecomm/bff/admin/api/model/BrandResponse" sourcefilename="BrandResponse.java"/><class name="io/oigres/ecomm/bff/admin/api/model/ProductWithDetailRequest$ProductWithDetailRequestBuilder" sourcefilename="ProductWithDetailRequest.java"/><class name="io/oigres/ecomm/bff/admin/api/model/UserResponse$UserResponseBuilderImpl" sourcefilename="UserResponse.java"/><class name="io/oigres/ecomm/bff/admin/api/model/DashboardResponse" sourcefilename="DashboardResponse.java"><method name="getLastAddedContent" desc="()Ljava/util/List;" line="37"><counter type="INSTRUCTION" missed="4" covered="0"/><counter type="LINE" missed="1" covered="0"/><counter type="COMPLEXITY" missed="1" covered="0"/><counter type="METHOD" missed="1" covered="0"/></method><method name="getSocialMediaFeed" desc="()Ljava/util/List;" line="41"><counter type="INSTRUCTION" missed="4" covered="0"/><counter type="LINE" missed="1" covered="0"/><counter type="COMPLEXITY" missed="1" covered="0"/><counter type="METHOD" missed="1" covered="0"/></method><counter type="INSTRUCTION" missed="8" covered="0"/><counter type="LINE" missed="2" covered="0"/><counter type="COMPLEXITY" missed="2" covered="0"/><counter type="METHOD" missed="2" covered="0"/><counter type="CLASS" missed="1" covered="0"/></class><class name="io/oigres/ecomm/bff/admin/api/model/BrandWithDetailResponse$BrandWithDetailResponseBuilder" sourcefilename="BrandWithDetailResponse.java"/><class name="io/oigres/ecomm/bff/admin/api/model/GetAllSeedCompaniesApiResponse$GetAllSeedCompaniesApiResponseBuilder" sourcefilename="GetAllSeedCompaniesApiResponse.java"/><class name="io/oigres/ecomm/bff/admin/api/model/DashboardAppDownloadsResponse" sourcefilename="DashboardAppDownloadsResponse.java"/><class name="io/oigres/ecomm/bff/admin/api/model/GetAllSeedCompaniesApiResponse" sourcefilename="GetAllSeedCompaniesApiResponse.java"/><class name="io/oigres/ecomm/bff/admin/api/model/OrderItemResponse" sourcefilename="OrderItemResponse.java"/><class name="io/oigres/ecomm/bff/admin/api/model/EditCatalogProductRequest" sourcefilename="EditCatalogProductRequest.java"/><sourcefile name="DashboardSocialMediaResponse.java"/><sourcefile name="ProductWithDetailRequest.java"><line nr="49" mi="4" ci="0" mb="0" cb="0"/><line nr="53" mi="4" ci="0" mb="0" cb="0"/><counter type="INSTRUCTION" missed="8" covered="0"/><counter type="LINE" missed="2" covered="0"/><counter type="COMPLEXITY" missed="2" covered="0"/><counter type="METHOD" missed="2" covered="0"/><counter type="CLASS" missed="1" covered="0"/></sourcefile><sourcefile name="StateApiResponse.java"/><sourcefile name="BrandWithDetailResponse.java"><line nr="43" mi="4" ci="0" mb="0" cb="0"/><line nr="47" mi="4" ci="0" mb="0" cb="0"/><line nr="51" mi="4" ci="0" mb="0" cb="0"/><line nr="55" mi="4" ci="0" mb="0" cb="0"/><counter type="INSTRUCTION" missed="16" covered="0"/><counter type="LINE" missed="4" covered="0"/><counter type="COMPLEXITY" missed="4" covered="0"/><counter type="METHOD" missed="4" covered="0"/><counter type="CLASS" missed="1" covered="0"/></sourcefile><sourcefile name="BulkDeleteProductsResponse.java"><line nr="35" mi="4" ci="0" mb="0" cb="0"/><line nr="39" mi="4" ci="0" mb="0" cb="0"/><counter type="INSTRUCTION" missed="8" covered="0"/><counter type="LINE" missed="2" covered="0"/><counter type="COMPLEXITY" missed="2" covered="0"/><counter type="METHOD" missed="2" covered="0"/><counter type="CLASS" missed="1" covered="0"/></sourcefile><sourcefile name="GetEffectByIdApiResponse.java"/><sourcefile name="StrainWithDetailResponse.java"><line nr="52" mi="4" ci="0" mb="0" cb="0"/><line nr="56" mi="4" ci="0" mb="0" cb="0"/><line nr="60" mi="4" ci="0" mb="0" cb="0"/><line nr="64" mi="4" ci="0" mb="0" cb="0"/><line nr="68" mi="4" ci="0" mb="0" cb="0"/><line nr="72" mi="4" ci="0" mb="0" cb="0"/><counter type="INSTRUCTION" missed="24" covered="0"/><counter type="LINE" missed="6" covered="0"/><counter type="COMPLEXITY" missed="6" covered="0"/><counter type="METHOD" missed="6" covered="0"/><counter type="CLASS" missed="1" covered="0"/></sourcefile><sourcefile name="CatalogProductResponse.java"/><sourcefile name="ProductResponse.java"/><sourcefile name="GetAllStrainTypesApiResponse.java"/><sourcefile name="GetAllFlavorsApiResponse.java"/><sourcefile name="ImageUploadLocationApiResponse.java"/><sourcefile name="SocialMediaRequest.java"/><sourcefile name="GetOrdersListWithTotalResponse.java"/><sourcefile name="UnitResponse.java"/><sourcefile name="UserTypeApiResponse.java"/><sourcefile name="EditCatalogProductResponse.java"/><sourcefile name="OrderStatusAmountApiResponse.java"><line nr="32" mi="4" ci="0" mb="0" cb="0"/><counter type="INSTRUCTION" missed="4" covered="0"/><counter type="LINE" missed="1" covered="0"/><counter type="COMPLEXITY" missed="1" covered="0"/><counter type="METHOD" missed="1" covered="0"/><counter type="CLASS" missed="1" covered="0"/></sourcefile><sourcefile name="AddCatalogProductResponse.java"/><sourcefile name="OrderWithDetailResponse.java"><line nr="45" mi="4" ci="0" mb="0" cb="0"/><line nr="49" mi="4" ci="0" mb="0" cb="0"/><counter type="INSTRUCTION" missed="8" covered="0"/><counter type="LINE" missed="2" covered="0"/><counter type="COMPLEXITY" missed="2" covered="0"/><counter type="METHOD" missed="2" covered="0"/><counter type="CLASS" missed="1" covered="0"/></sourcefile><sourcefile name="BulkDeleteProdcutsErrorResponse.java"/><sourcefile name="BrandWithNameAndProductsAmountApiResponse.java"/><sourcefile name="StrainWithDetailRequest.java"><line nr="54" mi="4" ci="0" mb="0" cb="0"/><line nr="58" mi="4" ci="0" mb="0" cb="0"/><line nr="62" mi="4" ci="0" mb="0" cb="0"/><line nr="66" mi="4" ci="0" mb="0" cb="0"/><line nr="70" mi="4" ci="0" mb="0" cb="0"/><line nr="74" mi="4" ci="0" mb="0" cb="0"/><counter type="INSTRUCTION" missed="24" covered="0"/><counter type="LINE" missed="6" covered="0"/><counter type="COMPLEXITY" missed="6" covered="0"/><counter type="METHOD" missed="6" covered="0"/><counter type="CLASS" missed="1" covered="0"/></sourcefile><sourcefile name="SubCategoryResponse.java"/><sourcefile name="CategoryResponse.java"/><sourcefile name="GetAllTerpenesApiResponse.java"/><sourcefile name="BulkDeleteStrainsErrorResponse.java"/><sourcefile name="IdListGenericRequest.java"><line nr="36" mi="4" ci="0" mb="0" cb="0"/><counter type="INSTRUCTION" missed="4" covered="0"/><counter type="LINE" missed="1" covered="0"/><counter type="COMPLEXITY" missed="1" covered="0"/><counter type="METHOD" missed="1" covered="0"/><counter type="CLASS" missed="1" covered="0"/></sourcefile><sourcefile name="DashboardStatusResponse.java"/><sourcefile name="BulkDeleteStrainsRequest.java"><line nr="36" mi="4" ci="0" mb="0" cb="0"/><counter type="INSTRUCTION" missed="4" covered="0"/><counter type="LINE" missed="1" covered="0"/><counter type="COMPLEXITY" missed="1" covered="0"/><counter type="METHOD" missed="1" covered="0"/><counter type="CLASS" missed="1" covered="0"/></sourcefile><sourcefile name="ProfileResponse.java"/><sourcefile name="GetSeedCompanyApiResponse.java"/><sourcefile name="CatalogProductByIdResponse.java"><line nr="50" mi="4" ci="0" mb="0" cb="0"/><line nr="54" mi="4" ci="0" mb="0" cb="0"/><counter type="INSTRUCTION" missed="8" covered="0"/><counter type="LINE" missed="2" covered="0"/><counter type="COMPLEXITY" missed="2" covered="0"/><counter type="METHOD" missed="2" covered="0"/><counter type="CLASS" missed="1" covered="0"/></sourcefile><sourcefile name="DashboardContentResponse.java"/><sourcefile name="ZipCodeApiResponse.java"/><sourcefile name="DashboardAppDownloadsResponse.java"/><sourcefile name="OrderDispensaryResponse.java"/><sourcefile name="StrainResponse.java"/><sourcefile name="OrderStatusAmountDto.java"/><sourcefile name="DashboardNewUsersResponse.java"/><sourcefile name="ResourceRequest.java"/><sourcefile name="BrandWithAmountResponse.java"/><sourcefile name="GetTerpeneByIdApiResponse.java"/><sourcefile name="GetCatalogProductsByBrandIdApiResponse.java"/><sourcefile name="OrderStatusResponse.java"/><sourcefile name="BulkDeleteProductsRequest.java"><line nr="36" mi="4" ci="0" mb="0" cb="0"/><counter type="INSTRUCTION" missed="4" covered="0"/><counter type="LINE" missed="1" covered="0"/><counter type="COMPLEXITY" missed="1" covered="0"/><counter type="METHOD" missed="1" covered="0"/><counter type="CLASS" missed="1" covered="0"/></sourcefile><sourcefile name="GetStrainTypeByIdApiResponse.java"/><sourcefile name="GetAllSeedCompaniesApiResponse.java"/><sourcefile name="GetFlavorByIdApiResponse.java"/><sourcefile name="OrderTaxResponse.java"/><sourcefile name="GenderApiResponse.java"/><sourcefile name="BulkDeleteStrainsResponse.java"><line nr="35" mi="4" ci="0" mb="0" cb="0"/><line nr="39" mi="4" ci="0" mb="0" cb="0"/><counter type="INSTRUCTION" missed="8" covered="0"/><counter type="LINE" missed="2" covered="0"/><counter type="COMPLEXITY" missed="2" covered="0"/><counter type="METHOD" missed="2" covered="0"/><counter type="CLASS" missed="1" covered="0"/></sourcefile><sourcefile name="SocialMediaResponse.java"/><sourcefile name="EditCatalogProductRequest.java"/><sourcefile name="ProductToApproveResponse.java"><line nr="42" mi="4" ci="0" mb="0" cb="0"/><counter type="INSTRUCTION" missed="4" covered="0"/><counter type="LINE" missed="1" covered="0"/><counter type="COMPLEXITY" missed="1" covered="0"/><counter type="METHOD" missed="1" covered="0"/><counter type="CLASS" missed="1" covered="0"/></sourcefile><sourcefile name="OrderStatusEnum.java"><line nr="20" mi="0" ci="3" mb="0" cb="0"/><line nr="21" mi="0" ci="6" mb="0" cb="0"/><line nr="22" mi="0" ci="6" mb="0" cb="0"/><line nr="23" mi="0" ci="6" mb="0" cb="0"/><line nr="24" mi="0" ci="6" mb="0" cb="0"/><line nr="25" mi="0" ci="6" mb="0" cb="0"/><counter type="INSTRUCTION" missed="0" covered="33"/><counter type="LINE" missed="0" covered="6"/><counter type="COMPLEXITY" missed="0" covered="1"/><counter type="METHOD" missed="0" covered="1"/><counter type="CLASS" missed="0" covered="1"/></sourcefile><sourcefile name="BrandResponse.java"/><sourcefile name="PaginatedResponse.java"><line nr="36" mi="0" ci="2" mb="0" cb="0"/><line nr="37" mi="0" ci="4" mb="0" cb="0"/><line nr="38" mi="0" ci="3" mb="0" cb="0"/><line nr="39" mi="0" ci="3" mb="0" cb="0"/><line nr="40" mi="0" ci="3" mb="0" cb="0"/><line nr="41" mi="0" ci="3" mb="0" cb="0"/><line nr="42" mi="0" ci="1" mb="0" cb="0"/><counter type="INSTRUCTION" missed="0" covered="19"/><counter type="LINE" missed="0" covered="7"/><counter type="COMPLEXITY" missed="0" covered="1"/><counter type="METHOD" missed="0" covered="1"/><counter type="CLASS" missed="0" covered="1"/></sourcefile><sourcefile name="OrderResponse.java"/><sourcefile name="CategoryWithQuantityResponse.java"/><sourcefile name="PauseOrUnpauseCatalogProductByIdResponse.java"/><sourcefile name="BrandWithDetailRequest.java"><line nr="47" mi="4" ci="0" mb="0" cb="0"/><line nr="51" mi="4" ci="0" mb="0" cb="0"/><line nr="55" mi="4" ci="0" mb="0" cb="0"/><line nr="59" mi="4" ci="0" mb="0" cb="0"/><counter type="INSTRUCTION" missed="16" covered="0"/><counter type="LINE" missed="4" covered="0"/><counter type="COMPLEXITY" missed="4" covered="0"/><counter type="METHOD" missed="4" covered="0"/><counter type="CLASS" missed="1" covered="0"/></sourcefile><sourcefile name="ChangeStrainStateByIdApiResponse.java"/><sourcefile name="OrderUserResponse.java"/><sourcefile name="ResourceResponse.java"/><sourcefile name="AddCatalogProductRequest.java"/><sourcefile name="CommonErrorHandlerResponse.java"/><sourcefile name="DashboardResponse.java"><line nr="37" mi="4" ci="0" mb="0" cb="0"/><line nr="41" mi="4" ci="0" mb="0" cb="0"/><counter type="INSTRUCTION" missed="8" covered="0"/><counter type="LINE" missed="2" covered="0"/><counter type="COMPLEXITY" missed="2" covered="0"/><counter type="METHOD" missed="2" covered="0"/><counter type="CLASS" missed="1" covered="0"/></sourcefile><sourcefile name="OrderItemResponse.java"/><sourcefile name="ProductWithDetailResponse.java"><line nr="47" mi="4" ci="0" mb="0" cb="0"/><line nr="51" mi="4" ci="0" mb="0" cb="0"/><counter type
[...]
"1" covered="0"/></method><method name="fallbackMethodForGetSubcategoriesByCategoryId" desc="(JLio/oigres/ecomm/service/products/model/PageableRequest;Ljava/lang/Exception;)Lio/oigres/ecomm/service/products/model/PageResponse;" line="64"><counter type="INSTRUCTION" missed="6" covered="0"/><counter type="LINE" missed="2" covered="0"/><counter type="COMPLEXITY" missed="1" covered="0"/><counter type="METHOD" missed="1" covered="0"/></method><method name="&lt;clinit&gt;" desc="()V" line="30"><counter type="INSTRUCTION" missed="0" covered="4"/><counter type="LINE" missed="0" covered="1"/><counter type="COMPLEXITY" missed="0" covered="1"/><counter type="METHOD" missed="0" covered="1"/></method><counter type="INSTRUCTION" missed="29" covered="9"/><counter type="LINE" missed="6" covered="2"/><counter type="COMPLEXITY" missed="4" covered="2"/><counter type="METHOD" missed="4" covered="2"/><counter type="CLASS" missed="0" covered="1"/></class><sourcefile name="DispensariesServiceProxyEnhanced.java"><line nr="38" mi="6" ci="0" mb="0" cb="0"/><line nr="45" mi="7" ci="0" mb="0" cb="0"/><line nr="52" mi="7" ci="0" mb="0" cb="0"/><line nr="58" mi="5" ci="0" mb="0" cb="0"/><line nr="65" mi="6" ci="0" mb="0" cb="0"/><line nr="71" mi="5" ci="0" mb="0" cb="0"/><line nr="76" mi="5" ci="0" mb="0" cb="0"/><line nr="82" mi="5" ci="0" mb="0" cb="0"/><line nr="88" mi="5" ci="0" mb="0" cb="0"/><line nr="94" mi="5" ci="0" mb="0" cb="0"/><counter type="INSTRUCTION" missed="56" covered="0"/><counter type="LINE" missed="10" covered="0"/><counter type="COMPLEXITY" missed="10" covered="0"/><counter type="METHOD" missed="10" covered="0"/><counter type="CLASS" missed="1" covered="0"/></sourcefile><sourcefile name="AsyncDispensariesServiceProxyEnhanced.java"><line nr="32" mi="0" ci="4" mb="0" cb="0"/><line nr="43" mi="0" ci="5" mb="0" cb="0"/><line nr="48" mi="0" ci="9" mb="0" cb="0"/><line nr="49" mi="0" ci="1" mb="0" cb="0"/><line nr="50" mi="0" ci="8" mb="0" cb="0"/><line nr="51" mi="0" ci="1" mb="0" cb="0"/><line nr="59" mi="0" ci="5" mb="0" cb="0"/><counter type="INSTRUCTION" missed="0" covered="33"/><counter type="LINE" missed="0" covered="7"/><counter type="COMPLEXITY" missed="0" covered="4"/><counter type="METHOD" missed="0" covered="4"/><counter type="CLASS" missed="0" covered="1"/></sourcefile><sourcefile name="AsyncOrdersServiceProxyEnhanced.java"><line nr="33" mi="0" ci="7" mb="0" cb="0"/><counter type="INSTRUCTION" missed="0" covered="7"/><counter type="LINE" missed="0" covered="1"/><counter type="COMPLEXITY" missed="0" covered="1"/><counter type="METHOD" missed="0" covered="1"/><counter type="CLASS" missed="0" covered="1"/></sourcefile><sourcefile name="OrdersServiceProxyEnhanced.java"><line nr="38" mi="5" ci="0" mb="0" cb="0"/><line nr="44" mi="0" ci="8" mb="0" cb="0"/><line nr="50" mi="7" ci="0" mb="0" cb="0"/><line nr="56" mi="6" ci="0" mb="0" cb="0"/><line nr="62" mi="5" ci="0" mb="0" cb="0"/><counter type="INSTRUCTION" missed="23" covered="8"/><counter type="LINE" missed="4" covered="1"/><counter type="COMPLEXITY" missed="4" covered="1"/><counter type="METHOD" missed="4" covered="1"/><counter type="CLASS" missed="0" covered="1"/></sourcefile><sourcefile name="CategoryServiceProxyEnhanced.java"><line nr="30" mi="0" ci="4" mb="0" cb="0"/><line nr="39" mi="5" ci="0" mb="0" cb="0"/><line nr="43" mi="4" ci="0" mb="0" cb="0"/><line nr="44" mi="8" ci="0" mb="0" cb="0"/><line nr="50" mi="0" ci="5" mb="0" cb="0"/><line nr="59" mi="6" ci="0" mb="0" cb="0"/><line nr="64" mi="4" ci="0" mb="0" cb="0"/><line nr="65" mi="2" ci="0" mb="0" cb="0"/><counter type="INSTRUCTION" missed="29" covered="9"/><counter type="LINE" missed="6" covered="2"/><counter type="COMPLEXITY" missed="4" covered="2"/><counter type="METHOD" missed="4" covered="2"/><counter type="CLASS" missed="0" covered="1"/></sourcefile><counter type="INSTRUCTION" missed="108" covered="57"/><counter type="LINE" missed="20" covered="11"/><counter type="COMPLEXITY" missed="18" covered="8"/><counter type="METHOD" missed="18" covered="8"/><counter type="CLASS" missed="1" covered="4"/></package><package name="io/oigres/ecomm/bff/admin/api/model/effects"><class name="io/oigres/ecomm/bff/admin/api/model/effects/GetAllEffectsApiResponse$GetAllEffectsApiResponseBuilder" sourcefilename="GetAllEffectsApiResponse.java"/><class name="io/oigres/ecomm/bff/admin/api/model/effects/GetAllEffectsApiResponse" sourcefilename="GetAllEffectsApiResponse.java"/><sourcefile name="GetAllEffectsApiResponse.java"/></package><package name="io/oigres/ecomm/bff/admin/api/model/profiles/dispensaries"><class name="io/oigres/ecomm/bff/admin/api/model/profiles/dispensaries/DispensaryUserWithDetailRequest$DispensaryUserWithDetailRequestBuilder" sourcefilename="DispensaryUserWithDetailRequest.java"/><class name="io/oigres/ecomm/bff/admin/api/model/profiles/dispensaries/GetDispensaryByIdApiResponse$GetDispensaryByIdApiResponseBuilder" sourcefilename="GetDispensaryByIdApiResponse.java"/><class name="io/oigres/ecomm/bff/admin/api/model/profiles/dispensaries/DispensaryUserResponse$DispensaryUserResponseBuilder" sourcefilename="DispensaryUserResponse.java"/><class name="io/oigres/ecomm/bff/admin/api/model/profiles/dispensaries/BulkDeleteDispensaryUserErrorResponse$BulkDeleteDispensaryUserErrorResponseBuilder" sourcefilename="BulkDeleteDispensaryUserErrorResponse.java"/><class name="io/oigres/ecomm/bff/admin/api/model/profiles/dispensaries/GetAllDispensariesApiResponse" sourcefilename="GetAllDispensariesApiResponse.java"/><class name="io/oigres/ecomm/bff/admin/api/model/profiles/dispensaries/CreateDispensaryUserApiRequest" sourcefilename="CreateDispensaryUserApiRequest.java"><method name="getVideos" desc="()Ljava/util/List;" line="91"><counter type="INSTRUCTION" missed="4" covered="0"/><counter type="LINE" missed="1" covered="0"/><counter type="COMPLEXITY" missed="1" covered="0"/><counter type="METHOD" missed="1" covered="0"/></method><method name="getImages" desc="()Ljava/util/List;" line="95"><counter type="INSTRUCTION" missed="4" covered="0"/><counter type="LINE" missed="1" covered="0"/><counter type="COMPLEXITY" missed="1" covered="0"/><counter type="METHOD" missed="1" covered="0"/></method><counter type="INSTRUCTION" missed="8" covered="0"/><counter type="LINE" missed="2" covered="0"/><counter type="COMPLEXITY" missed="2" covered="0"/><counter type="METHOD" missed="2" covered="0"/><counter type="CLASS" missed="1" covered="0"/></class><class name="io/oigres/ecomm/bff/admin/api/model/profiles/dispensaries/CreateDispensaryUserApiResponse$CreateDispensaryUserApiResponseBuilder" sourcefilename="CreateDispensaryUserApiResponse.java"/><class name="io/oigres/ecomm/bff/admin/api/model/profiles/dispensaries/BulkDeleteDispensaryUsersResponse" sourcefilename="BulkDeleteDispensaryUsersResponse.java"><method name="getDeleted" desc="()Ljava/util/List;" line="35"><counter type="INSTRUCTION" missed="4" covered="0"/><counter type="LINE" missed="1" covered="0"/><counter type="COMPLEXITY" missed="1" covered="0"/><counter type="METHOD" missed="1" covered="0"/></method><method name="getErrors" desc="()Ljava/util/List;" line="39"><counter type="INSTRUCTION" missed="4" covered="0"/><counter type="LINE" missed="1" covered="0"/><counter type="COMPLEXITY" missed="1" covered="0"/><counter type="METHOD" missed="1" covered="0"/></method><counter type="INSTRUCTION" missed="8" covered="0"/><counter type="LINE" missed="2" covered="0"/><counter type="COMPLEXITY" missed="2" covered="0"/><counter type="METHOD" missed="2" covered="0"/><counter type="CLASS" missed="1" covered="0"/></class><class name="io/oigres/ecomm/bff/admin/api/model/profiles/dispensaries/BulkDeleteDispensaryUsersRequest$BulkDeleteDispensaryUsersRequestBuilder" sourcefilename="BulkDeleteDispensaryUsersRequest.java"/><class name="io/oigres/ecomm/bff/admin/api/model/profiles/dispensaries/DispensaryUserWithDetailResponse$DispensaryUserWithDetailResponseBuilder" sourcefilename="DispensaryUserWithDetailResponse.java"/><class name="io/oigres/ecomm/bff/admin/api/model/profiles/dispensaries/DispensaryUserResponse" sourcefilename="DispensaryUserResponse.java"/><class name="io/oigres/ecomm/bff/admin/api/model/profiles/dispensaries/UpdateDispensaryUserApiResponse" sourcefilename="UpdateDispensaryUserApiResponse.java"><method name="getImages" desc="()Ljava/util/List;" line="46"><counter type="INSTRUCTION" missed="4" covered="0"/><counter type="LINE" missed="1" covered="0"/><counter type="COMPLEXITY" missed="1" covered="0"/><counter type="METHOD" missed="1" covered="0"/></method><method name="getVideos" desc="()Ljava/util/List;" line="50"><counter type="INSTRUCTION" missed="4" covered="0"/><counter type="LINE" missed="1" covered="0"/><counter type="COMPLEXITY" missed="1" covered="0"/><counter type="METHOD" missed="1" covered="0"/></method><counter type="INSTRUCTION" missed="8" covered="0"/><counter type="LINE" missed="2" covered="0"/><counter type="COMPLEXITY" missed="2" covered="0"/><counter type="METHOD" missed="2" covered="0"/><counter type="CLASS" missed="1" covered="0"/></class><class name="io/oigres/ecomm/bff/admin/api/model/profiles/dispensaries/UpdateDispensaryUserApiRequest" sourcefilename="UpdateDispensaryUserApiRequest.java"><method name="getImages" desc="()Ljava/util/List;" line="91"><counter type="INSTRUCTION" missed="4" covered="0"/><counter type="LINE" missed="1" covered="0"/><counter type="COMPLEXITY" missed="1" covered="0"/><counter type="METHOD" missed="1" covered="0"/></method><method name="getVideos" desc="()Ljava/util/List;" line="95"><counter type="INSTRUCTION" missed="4" covered="0"/><counter type="LINE" missed="1" covered="0"/><counter type="COMPLEXITY" missed="1" covered="0"/><counter type="METHOD" missed="1" covered="0"/></method><counter type="INSTRUCTION" missed="8" covered="0"/><counter type="LINE" missed="2" covered="0"/><counter type="COMPLEXITY" missed="2" covered="0"/><counter type="METHOD" missed="2" covered="0"/><counter type="CLASS" missed="1" covered="0"/></class><class name="io/oigres/ecomm/bff/admin/api/model/profiles/dispensaries/BulkDeleteDispensaryUsersResponse$BulkDeleteDispensaryUsersResponseBuilder" sourcefilename="BulkDeleteDispensaryUsersResponse.java"/><class name="io/oigres/ecomm/bff/admin/api/model/profiles/dispensaries/DispensaryUserResponse$DispensaryUserResponseBuilderImpl" sourcefilename="DispensaryUserResponse.java"/><class name="io/oigres/ecomm/bff/admin/api/model/profiles/dispensaries/GetDispensaryByIdApiResponse" sourcefilename="GetDispensaryByIdApiResponse.java"><method name="getImages" desc="()Ljava/util/List;" line="46"><counter type="INSTRUCTION" missed="4" covered="0"/><counter type="LINE" missed="1" covered="0"/><counter type="COMPLEXITY" missed="1" covered="0"/><counter type="METHOD" missed="1" covered="0"/></method><method name="getVideos" desc="()Ljava/util/List;" line="50"><counter type="INSTRUCTION" missed="4" covered="0"/><counter type="LINE" missed="1" covered="0"/><counter type="COMPLEXITY" missed="1" covered="0"/><counter type="METHOD" missed="1" covered="0"/></method><counter type="INSTRUCTION" missed="8" covered="0"/><counter type="LINE" missed="2" covered="0"/><counter type="COMPLEXITY" missed="2" covered="0"/><counter type="METHOD" missed="2" covered="0"/><counter type="CLASS" missed="1" covered="0"/></class><class name="io/oigres/ecomm/bff/admin/api/model/profiles/dispensaries/BulkDeleteDispensaryUsersRequest" sourcefilename="BulkDeleteDispensaryUsersRequest.java"><method name="getIds" desc="()Ljava/util/List;" line="39"><counter type="INSTRUCTION" missed="4" covered="0"/><counter type="LINE" missed="1" covered="0"/><counter type="COMPLEXITY" missed="1" covered="0"/><counter type="METHOD" missed="1" covered="0"/></method><counter type="INSTRUCTION" missed="4" covered="0"/><counter type="LINE" missed="1" covered="0"/><counter type="COMPLEXITY" missed="1" covered="0"/><counter type="METHOD" missed="1" covered="0"/><counter type="CLASS" missed="1" covered="0"/></class><class name="io/oigres/ecomm/bff/admin/api/model/profiles/dispensaries/UpdateDispensaryUserApiResponse$UpdateDispensaryUserApiResponseBuilder" sourcefilename="UpdateDispensaryUserApiResponse.java"/><class name="io/oigres/ecomm/bff/admin/api/model/profiles/dispensaries/CreateDispensaryUserApiRequest$CreateDispensaryUserApiRequestBuilder" sourcefilename="CreateDispensaryUserApiRequest.java"/><class name="io/oigres/ecomm/bff/admin/api/model/profiles/dispensaries/DispensaryUserWithDetailRequest" sourcefilename="DispensaryUserWithDetailRequest.java"><method name="getImages" desc="()Ljava/util/List;" line="50"><counter type="INSTRUCTION" missed="4" covered="0"/><counter type="LINE" missed="1" covered="0"/><counter type="COMPLEXITY" missed="1" covered="0"/><counter type="METHOD" missed="1" covered="0"/></method><method name="getVideos" desc="()Ljava/util/List;" line="54"><counter type="INSTRUCTION" missed="4" covered="0"/><counter type="LINE" missed="1" covered="0"/><counter type="COMPLEXITY" missed="1" covered="0"/><counter type="METHOD" missed="1" covered="0"/></method><counter type="INSTRUCTION" missed="8" covered="0"/><counter type="LINE" missed="2" covered="0"/><counter type="COMPLEXITY" missed="2" covered="0"/><counter type="METHOD" missed="2" covered="0"/><counter type="CLASS" missed="1" covered="0"/></class><class name="io/oigres/ecomm/bff/admin/api/model/profiles/dispensaries/UpdateDispensaryUserApiRequest$UpdateDispensaryUserApiRequestBuilder" sourcefilename="UpdateDispensaryUserApiRequest.java"/><class name="io/oigres/ecomm/bff/admin/api/model/profiles/dispensaries/GetAllDispensariesApiResponse$GetAllDispensariesApiResponseBuilder" sourcefilename="GetAllDispensariesApiResponse.java"/><class name="io/oigres/ecomm/bff/admin/api/model/profiles/dispensaries/CreateDispensaryUserApiResponse" sourcefilename="CreateDispensaryUserApiResponse.java"><method name="getImages" desc="()Ljava/util/List;" line="47"><counter type="INSTRUCTION" missed="4" covered="0"/><counter type="LINE" missed="1" covered="0"/><counter type="COMPLEXITY" missed="1" covered="0"/><counter type="METHOD" missed="1" covered="0"/></method><method name="getVideos" desc="()Ljava/util/List;" line="51"><counter type="INSTRUCTION" missed="4" covered="0"/><counter type="LINE" missed="1" covered="0"/><counter type="COMPLEXITY" missed="1" covered="0"/><counter type="METHOD" missed="1" covered="0"/></method><counter type="INSTRUCTION" missed="8" covered="0"/><counter type="LINE" missed="2" covered="0"/><counter type="COMPLEXITY" missed="2" covered="0"/><counter type="METHOD" missed="2" covered="0"/><counter type="CLASS" missed="1" covered="0"/></class><class name="io/oigres/ecomm/bff/admin/api/model/profiles/dispensaries/BulkDeleteDispensaryUserErrorResponse" sourcefilename="BulkDeleteDispensaryUserErrorResponse.java"/><class name="io/oigres/ecomm/bff/admin/api/model/profiles/dispensaries/DispensaryUserWithDetailResponse" sourcefilename="DispensaryUserWithDetailResponse.java"><method name="getImages" desc="()Ljava/util/List;" line="46"><counter type="INSTRUCTION" missed="4" covered="0"/><counter type="LINE" missed="1" covered="0"/><counter type="COMPLEXITY" missed="1" covered="0"/><counter type="METHOD" missed="1" covered="0"/></method><method name="getVideos" desc="()Ljava/util/List;" line="50"><counter type="INSTRUCTION" missed="4" covered="0"/><counter type="LINE" missed="1" covered="0"/><counter type="COMPLEXITY" missed="1" covered="0"/><counter type="METHOD" missed="1" covered="0"/></method><counter type="INSTRUCTION" missed="8" covered="0"/><counter type="LINE" missed="2" covered="0"/><counter type="COMPLEXITY" missed="2" covered="0"/><counter type="METHOD" missed="2" covered="0"/><counter type="CLASS" missed="1" covered="0"/></class><sourcefile name="DispensaryUserResponse.java"/><sourcefile name="BulkDeleteDispensaryUsersResponse.java"><line nr="35" mi="4" ci="0" mb="0" cb="0"/><line nr="39" mi="4" ci="0" mb="0" cb="0"/><counter type="INSTRUCTION" missed="8" covered="0"/><counter type="LINE" missed="2" covered="0"/><counter type="COMPLEXITY" missed="2" covered="0"/><counter type="METHOD" missed="2" covered="0"/><counter type="CLASS" missed="1" covered="0"/></sourcefile><sourcefile name="GetAllDispensariesApiResponse.java"/><sourcefile name="BulkDeleteDispensaryUsersRequest.java"><line nr="39" mi="4" ci="0" mb="0" cb="0"/><counter type="INSTRUCTION" missed="4" covered="0"/><counter type="LINE" missed="1" covered="0"/><counter type="COMPLEXITY" missed="1" covered="0"/><counter type="METHOD" missed="1" covered="0"/><counter type="CLASS" missed="1" covered="0"/></sourcefile><sourcefile name="BulkDeleteDispensaryUserErrorResponse.java"/><sourcefile name="UpdateDispensaryUserApiResponse.java"><line nr="46" mi="4" ci="0" mb="0" cb="0"/><line nr="50" mi="4" ci="0" mb="0" cb="0"/><counter type="INSTRUCTION" missed="8" covered="0"/><counter type="LINE" missed="2" covered="0"/><counter type="COMPLEXITY" missed="2" covered="0"/><counter type="METHOD" missed="2" covered="0"/><counter type="CLASS" missed="1" covered="0"/></sourcefile><sourcefile name="UpdateDispensaryUserApiRequest.java"><line nr="91" mi="4" ci="0" mb="0" cb="0"/><line nr="95" mi="4" ci="0" mb="0" cb="0"/><counter type="INSTRUCTION" missed="8" covered="0"/><counter type="LINE" missed="2" covered="0"/><counter type="COMPLEXITY" missed="2" covered="0"/><counter type="METHOD" missed="2" covered="0"/><counter type="CLASS" missed="1" covered="0"/></sourcefile><sourcefile name="DispensaryUserWithDetailResponse.java"><line nr="46" mi="4" ci="0" mb="0" cb="0"/><line nr="50" mi="4" ci="0" mb="0" cb="0"/><counter type="INSTRUCTION" missed="8" covered="0"/><counter type="LINE" missed="2" covered="0"/><counter type="COMPLEXITY" missed="2" covered="0"/><counter type="METHOD" missed="2" covered="0"/><counter type="CLASS" missed="1" covered="0"/></sourcefile><sourcefile name="GetDispensaryByIdApiResponse.java"><line nr="46" mi="4" ci="0" mb="0" cb="0"/><line nr="50" mi="4" ci="0" mb="0" cb="0"/><counter type="INSTRUCTION" missed="8" covered="0"/><counter type="LINE" missed="2" covered="0"/><counter type="COMPLEXITY" missed="2" covered="0"/><counter type="METHOD" missed="2" covered="0"/><counter type="CLASS" missed="1" covered="0"/></sourcefile><sourcefile name="CreateDispensaryUserApiResponse.java"><line nr="47" mi="4" ci="0" mb="0" cb="0"/><line nr="51" mi="4" ci="0" mb="0" cb="0"/><counter type="INSTRUCTION" missed="8" covered="0"/><counter type="LINE" missed="2" covered="0"/><counter type="COMPLEXITY" missed="2" covered="0"/><counter type="METHOD" missed="2" covered="0"/><counter type="CLASS" missed="1" covered="0"/></sourcefile><sourcefile name="CreateDispensaryUserApiRequest.java"><line nr="91" mi="4" ci="0" mb="0" cb="0"/><line nr="95" mi="4" ci="0" mb="0" cb="0"/><counter type="INSTRUCTION" missed="8" covered="0"/><counter type="LINE" missed="2" covered="0"/><counter type="COMPLEXITY" missed="2" covered="0"/><counter type="METHOD" missed="2" covered="0"/><counter type="CLASS" missed="1" covered="0"/></sourcefile><sourcefile name="DispensaryUserWithDetailRequest.java"><line nr="50" mi="4" ci="0" mb="0" cb="0"/><line nr="54" mi="4" ci="0" mb="0" cb="0"/><counter type="INSTRUCTION" missed="8" covered="0"/><counter type="LINE" missed="2" covered="0"/><counter type="COMPLEXITY" missed="2" covered="0"/><counter type="METHOD" missed="2" covered="0"/><counter type="CLASS" missed="1" covered="0"/></sourcefile><counter type="INSTRUCTION" missed="68" covered="0"/><counter type="LINE" missed="17" covered="0"/><counter type="COMPLEXITY" missed="17" covered="0"/><counter type="METHOD" missed="17" covered="0"/><counter type="CLASS" missed="9" covered="0"/></package><counter type="INSTRUCTION" missed="887" covered="528"/><counter type="BRANCH" missed="7" covered="1"/><counter type="LINE" missed="199" covered="132"/><counter type="COMPLEXITY" missed="161" covered="38"/><counter type="METHOD" missed="157" covered="38"/><counter type="CLASS" missed="51" covered="18"/></report>